        -:    0:Source:/mnt/c/Users/Lenovo/Documents/GitHub/UBB/Facultate/Anul 1/Sem 2/Lab 2 -- 4/validator/validator.c
        -:    0:Graph:/mnt/c/Users/Lenovo/Documents/GitHub/UBB/Facultate/Anul 1/Sem 2/Lab 2 -- 4/cmake-build-debug-coverage/CMakeFiles/Lab_2_4.dir/validator/validator.c.gcno
        -:    0:Data:/mnt/c/Users/Lenovo/Documents/GitHub/UBB/Facultate/Anul 1/Sem 2/Lab 2 -- 4/cmake-build-debug-coverage/CMakeFiles/Lab_2_4.dir/validator/validator.c.gcda
        -:    0:Runs:1
        -:    1:
        -:    2:#include "validator.h"
        -:    3:
        -:    4:
function valideazaOferta called 25 returned 100% blocks executed 100%
       25:    5:Errors valideazaOferta(Oferta o){
       25:    6:    Errors errors=SUCCES;
        -:    7:    
       25:    8:    strip(o.adresa);
       25:    8-block  0
call    0 returned 25
       25:    9:    strip(o.tip);
call    0 returned 25
       25:   10:    if(o.pret<0)
branch  0 taken 3 (fallthrough)
branch  1 taken 22
        3:   11:        errors |= PRET_INVALID;
        3:   11-block  0
       25:   12:    if(o.suprafata<0)
       25:   12-block  0
branch  0 taken 3 (fallthrough)
branch  1 taken 22
        3:   13:        errors |= SUPRAFATA_INVALIDA;
        3:   13-block  0
       25:   14:    if(strcmp(o.tip,"apartament")!=0 && strcmp(o.tip,"casa")!=0 && strcmp(o.tip,"teren")!=0)
       25:   14-block  0
branch  0 taken 16 (fallthrough)
branch  1 taken 9
       16:   14-block  1
branch  2 taken 11 (fallthrough)
branch  3 taken 5
       11:   14-block  2
branch  4 taken 7 (fallthrough)
branch  5 taken 4
        7:   15:        errors |= TIP_INVALID;;
        7:   15-block  0
       25:   16:    if(strcmp(o.adresa,"")==0)
       25:   16-block  0
branch  0 taken 3 (fallthrough)
branch  1 taken 22
        3:   17:        errors |= ADRESA_INVALIDA;
        3:   17-block  0
       25:   18:    return errors;
       25:   18-block  0
        -:   19:}
function strip called 50 returned 100% blocks executed 100%
       50:   20:void strip(char* s) {
       50:   21:    char* d = s;
       50:   21-block  0
        -:   22:    do {
      341:   23:        while (*d == ' ')
      339:   23-block  0
      341:   23-block  1
branch  0 taken 2
branch  1 taken 339 (fallthrough)
        2:   24:            ++d;
        2:   24-block  0
        -:   25:
      339:   26:    } while ((*s++ = *d++));
      339:   26-block  0
branch  0 taken 289 (fallthrough)
branch  1 taken 50
       50:   27:}
        -:   28:
        -:   29://Teste
        -:   30:
function testValidator called 1 returned 100% blocks executed 67%
        1:   31:void testValidator() {
        -:   32:    Oferta o;
        1:   33:    strcpy(o.adresa,"adresa");
        1:   34:    strcpy(o.tip,"tip");
        1:   35:    o.pret=1;
        1:   36:    o.suprafata=1;
       1*:   37:    assert(valideazaOferta(o)==TIP_INVALID);
        1:   37-block  0
call    0 returned 1
branch  1 taken 0 (fallthrough)
branch  2 taken 1
    %%%%%:   37-block  1
call    3 never executed
        1:   38:    strcpy(o.tip,"");
       1*:   39:    assert(valideazaOferta(o)==TIP_INVALID);
        1:   39-block  0
call    0 returned 1
branch  1 taken 0 (fallthrough)
branch  2 taken 1
    %%%%%:   39-block  1
call    3 never executed
        1:   40:    strcpy(o.tip,"tip");
        1:   41:    o.pret=-1;
       1*:   42:    assert(valideazaOferta(o) & TIP_INVALID + PRET_INVALID);
        1:   42-block  0
call    0 returned 1
branch  1 taken 0 (fallthrough)
branch  2 taken 1
    %%%%%:   42-block  1
call    3 never executed
        1:   43:    o.pret=1;
        1:   44:    o.suprafata=-1;
       1*:   45:    assert(valideazaOferta(o)& TIP_INVALID + SUPRAFATA_INVALIDA);
        1:   45-block  0
call    0 returned 1
branch  1 taken 0 (fallthrough)
branch  2 taken 1
    %%%%%:   45-block  1
call    3 never executed
        1:   46:    o.suprafata=1;
        1:   47:    strcpy(o.tip,"apartament");
       1*:   48:    assert(valideazaOferta(o)==SUCCES);
        1:   48-block  0
call    0 returned 1
branch  1 taken 0 (fallthrough)
branch  2 taken 1
    %%%%%:   48-block  1
call    3 never executed
        1:   49:    strcpy(o.tip,"casa");
       1*:   50:    assert(valideazaOferta(o)==SUCCES);
        1:   50-block  0
call    0 returned 1
branch  1 taken 0 (fallthrough)
branch  2 taken 1
    %%%%%:   50-block  1
call    3 never executed
        1:   51:    strcpy(o.tip,"teren");
       1*:   52:    assert(valideazaOferta(o)==SUCCES);
        1:   52-block  0
call    0 returned 1
branch  1 taken 0 (fallthrough)
branch  2 taken 1
    %%%%%:   52-block  1
call    3 never executed
        1:   53:    strcpy(o.tip,"altceva");
       1*:   54:    assert(valideazaOferta(o)==TIP_INVALID);
        1:   54-block  0
call    0 returned 1
branch  1 taken 0 (fallthrough)
branch  2 taken 1
    %%%%%:   54-block  1
call    3 never executed
        1:   55:    strcpy(o.tip,"apartament");
        1:   56:    strcpy(o.adresa,"");
       1*:   57:    assert(valideazaOferta(o)==ADRESA_INVALIDA);
        1:   57-block  0
call    0 returned 1
branch  1 taken 0 (fallthrough)
branch  2 taken 1
    %%%%%:   57-block  1
call    3 never executed
        1:   58:    strcpy(o.tip,"apartament  ");
        1:   59:    strcpy(o.adresa,"adresa");
        1:   60:    o.pret=1;
        1:   61:    o.suprafata=1;
       1*:   62:    assert(valideazaOferta(o)==SUCCES);
        1:   62-block  0
call    0 returned 1
branch  1 taken 0 (fallthrough)
branch  2 taken 1
    %%%%%:   62-block  1
call    3 never executed
        1:   63:    strcpy(o.tip,"casa");
        1:   64:    strcpy(o.adresa,"adresa");
        1:   65:    o.pret=1;
        1:   66:    o.suprafata=1;
       1*:   67:    assert(valideazaOferta(o)==SUCCES);
        1:   67-block  0
call    0 returned 1
branch  1 taken 0 (fallthrough)
branch  2 taken 1
    %%%%%:   67-block  1
call    3 never executed
        1:   68:    strcpy(o.tip,"teren");
        1:   69:    strcpy(o.adresa,"adresa");
        1:   70:    o.pret=1;
        1:   71:    o.suprafata=1;
       1*:   72:    assert(valideazaOferta(o)==SUCCES);
        1:   72-block  0
call    0 returned 1
branch  1 taken 0 (fallthrough)
branch  2 taken 1
    %%%%%:   72-block  1
call    3 never executed
        1:   73:    strcpy(o.tip,"apartament");
        1:   74:    strcpy(o.adresa,"adresa");
        1:   75:    o.pret=1;
        1:   76:    o.suprafata=1;
       1*:   77:    assert(valideazaOferta(o)==SUCCES);
        1:   77-block  0
call    0 returned 1
branch  1 taken 0 (fallthrough)
branch  2 taken 1
    %%%%%:   77-block  1
call    3 never executed
        1:   78:    strcpy(o.tip,"apartament");
        1:   79:    strcpy(o.adresa,"adresa");
        1:   80:    o.pret=1;
        1:   81:    o.suprafata=1;
       1*:   82:    assert(valideazaOferta(o)==SUCCES);
        1:   82-block  0
call    0 returned 1
branch  1 taken 0 (fallthrough)
branch  2 taken 1
    %%%%%:   82-block  1
call    3 never executed
        1:   83:    strcpy(o.tip,"apartament");
        1:   84:}
