        -:    0:Source:/mnt/c/Users/Deny/Documents/GitHub/UBB/Facultate/Anul 1/Sem 2/STD/Lab 3/TAD Matrice/Proiect C++/LinkedList.h
        -:    0:Graph:/mnt/c/Users/Deny/Documents/GitHub/UBB/Facultate/Anul 1/Sem 2/STD/Lab 3/cmake-build-debug-coverage/CMakeFiles/Lab_3.dir/TAD_Matrice/Teste/TestExtins.cpp.gcno
        -:    0:Data:/mnt/c/Users/Deny/Documents/GitHub/UBB/Facultate/Anul 1/Sem 2/STD/Lab 3/cmake-build-debug-coverage/CMakeFiles/Lab_3.dir/TAD_Matrice/Teste/TestExtins.cpp.gcda
        -:    0:Runs:1
        -:    1:#pragma once
        -:    2:#include <functional>
        -:    3:
        -:    4:
        -:    5:template<typename T> class Iterator;
        -:    6:
        -:    7:template <typename T>
        -:    8:class LinkedList {
        -:    9:    friend class Iterator<T>;
        -:   10:    struct Node {
        -:   11:        T data;
        -:   12:        Node* next;
        -:   13:        Node* prev;
        -:   14:        explicit Node(const T& val): data(val), next(nullptr), prev(nullptr) {}
        -:   15:    };
        -:   16:    Node* head;
        -:   17:    Node* tail;
        -:   18:    int size;
        -:   19:public:
        -:   20:    using iterator = Iterator<T>;
        -:   21:
        -:   22:    LinkedList(): head(nullptr), tail(nullptr), size(0) {}
function _ZN10LinkedListI7tripletED2Ev called 0 returned 0% blocks executed 0%
    #####:   23:    ~LinkedList() {
    #####:   24:        while (head)
    %%%%%:   24-block  0
    %%%%%:   24-block  1
branch  0 never executed
branch  1 never executed (fallthrough)
    #####:   25:            pop_front();
    %%%%%:   25-block  0
call    0 never executed
    #####:   26:    }
        -:   27:
        -:   28:    LinkedList(const LinkedList& other): head(nullptr), tail(nullptr), size(0) {
        -:   29:        Node* current = other.head;
        -:   30:        while (current) {
        -:   31:            push_back(current->data);
        -:   32:            current = current->next;
        -:   33:        }
        -:   34:    }
        -:   35:
        -:   36:    LinkedList& operator=(const LinkedList& other) {
        -:   37:        if (this != &other) {
        -:   38:            while (head)
        -:   39:                pop_front();
        -:   40:            Node* current = other.head;
        -:   41:            while (current) {
        -:   42:                push_back(current->data);
        -:   43:                current = current->next;
        -:   44:            }
        -:   45:        }
        -:   46:        return *this;
        -:   47:    }
        -:   48:
        -:   49:    void push_back(const T&);
        -:   50:    void push_front(const T&);
        -:   51:    void pop_back();
        -:   52:    void pop_front();
        -:   53:    void erase(iterator pos);
        -:   54:    void insert(const T& val, iterator pos);
        -:   55:
        -:   56:    [[nodiscard]] int getSize() const { return size; }
        -:   57:    [[nodiscard]] bool isEmpty() const { return size == 0; }
        -:   58:
        -:   59:    iterator begin() const { return iterator(head); }
        -:   60:    static iterator end() { return iterator(nullptr); }
        -:   61:
        -:   62:    Node* mergeSort(Node* head, const std::function<bool(const T&, const T&)>& comparator);
        -:   63:    Node* merge(Node*, Node*, const std::function<bool(const T&, const T&)>& comparator);
        -:   64:    Node* getMiddle(Node*);
        -:   65:    void sort(const std::function<bool(const T&, const T&)>& comparator);
        -:   66:};
        -:   67:
        -:   68:template <typename T>
        -:   69:class Iterator {
        -:   70:    friend class LinkedList<T>;
        -:   71:public:
        -:   72:    typename LinkedList<T>::Node* current;
        -:   73:    explicit Iterator(typename LinkedList<T>::Node* node): current(node) {}
        -:   74:
        -:   75:    T& operator*() const { return current->data; }
        -:   76:    T* operator->() const { return &current->data; }
        -:   77:
        -:   78:    Iterator operator++() {
        -:   79:        if (current) current = current->next;
        -:   80:        return *this;
        -:   81:    }
        -:   82:
        -:   83:    Iterator operator++(int) {
        -:   84:        Iterator temp = *this;
        -:   85:        ++(*this);
        -:   86:        return temp;
        -:   87:    }
        -:   88:
        -:   89:    Iterator operator--() {
        -:   90:        if (current) current = current->prev;
        -:   91:        return *this;
        -:   92:    }
        -:   93:
        -:   94:    Iterator operator--(int) {
        -:   95:        Iterator temp = *this;
        -:   96:        --(*this);
        -:   97:        return temp;
        -:   98:    }
        -:   99:
        -:  100:    bool operator==(const Iterator& other) const { return current == other.current; }
        -:  101:    bool operator!=(const Iterator& other) const { return current != other.current; }
        -:  102:};
        -:  103:
        -:  104:template<typename T>
        -:  105:void LinkedList<T>::push_back(const T& val) {
        -:  106:    Node* newNode = new Node(val);
        -:  107:    if (!tail) {
        -:  108:        head = tail = newNode;
        -:  109:    } else {
        -:  110:        newNode->prev = tail;
        -:  111:        tail->next = newNode;
        -:  112:        tail = newNode;
        -:  113:    }
        -:  114:    ++size;
        -:  115:}
        -:  116:
        -:  117:template<typename T>
        -:  118:void LinkedList<T>::push_front(const T& val) {
        -:  119:    Node* newNode = new Node(val);
        -:  120:    if (!head) {
        -:  121:        head = tail = newNode;
        -:  122:    } else {
        -:  123:        newNode->next = head;
        -:  124:        head->prev = newNode;
        -:  125:        head = newNode;
        -:  126:    }
        -:  127:    ++size;
        -:  128:}
        -:  129:
        -:  130:template<typename T>
        -:  131:void LinkedList<T>::pop_back() {
        -:  132:    if (!tail) return;
        -:  133:    const Node* temp = tail;
        -:  134:    tail = tail->prev;
        -:  135:    if (tail) tail->next = nullptr;
        -:  136:    else head = nullptr;
        -:  137:    delete temp;
        -:  138:    --size;
        -:  139:}
        -:  140:
        -:  141:template<typename T>
function _ZN10LinkedListI7tripletE9pop_frontEv called 0 returned 0% blocks executed 0%
    #####:  142:void LinkedList<T>::pop_front() {
    #####:  143:    if (!head) return;
    %%%%%:  143-block  0
branch  0 never executed (fallthrough)
branch  1 never executed
    %%%%%:  143-block  1
    #####:  144:    const Node* temp = head;
    #####:  145:    head = head->next;
    #####:  146:    if (head) head->prev = nullptr;
    %%%%%:  146-block  0
branch  0 never executed (fallthrough)
branch  1 never executed
    %%%%%:  146-block  1
    #####:  147:    else tail = nullptr;
    %%%%%:  147-block  0
    #####:  148:    delete temp;
    %%%%%:  148-block  0
branch  0 never executed (fallthrough)
branch  1 never executed
    %%%%%:  148-block  1
call    2 never executed
    #####:  149:    --size;
    %%%%%:  149-block  0
        -:  150:}
        -:  151:
        -:  152:template<typename T>
        -:  153:void LinkedList<T>::erase(iterator pos) {
        -:  154:    if (!pos.current) return;
        -:  155:    Node* node = pos.current;
        -:  156:
        -:  157:    if (node == head) {
        -:  158:        pop_front();
        -:  159:    } else if (node == tail) {
        -:  160:        pop_back();
        -:  161:    } else {
        -:  162:        Node* prevNode = node->prev;
        -:  163:        Node* nextNode = node->next;
        -:  164:        if (prevNode) prevNode->next = nextNode;
        -:  165:        if (nextNode) nextNode->prev = prevNode;
        -:  166:        delete node;
        -:  167:        --size;
        -:  168:    }
        -:  169:}
        -:  170:
        -:  171:template<typename T>
        -:  172:void LinkedList<T>::insert(const T& val, iterator pos) {
        -:  173:    if (!pos.current || pos.current == head) {
        -:  174:        push_front(val);
        -:  175:        return;
        -:  176:    }
        -:  177:
        -:  178:    Node* newNode = new Node(val);
        -:  179:    Node* prevNode = pos.current->prev;
        -:  180:
        -:  181:    newNode->next = pos.current;
        -:  182:    newNode->prev = prevNode;
        -:  183:    if (prevNode) prevNode->next = newNode;
        -:  184:    pos.current->prev = newNode;
        -:  185:
        -:  186:    ++size;
        -:  187:}
        -:  188:
        -:  189:template <typename T>
        -:  190:typename LinkedList<T>::Node* LinkedList<T>::mergeSort(Node* head, const std::function<bool(const T&, const T&)>& comparator) {
        -:  191:    if (!head || !head->next) return head;
        -:  192:
        -:  193:    Node* middle = getMiddle(head);
        -:  194:    Node* nextToMiddle = middle->next;
        -:  195:    middle->next = nullptr;
        -:  196:    if (nextToMiddle) nextToMiddle->prev = nullptr;
        -:  197:
        -:  198:    Node* left = mergeSort(head, comparator);
        -:  199:    Node* right = mergeSort(nextToMiddle, comparator);
        -:  200:
        -:  201:    return merge(left, right, comparator);
        -:  202:}
        -:  203:
        -:  204:template <typename T>
        -:  205:typename LinkedList<T>::Node* LinkedList<T>::merge(Node* left, Node* right, const std::function<bool(const T&, const T&)>& comparator) {
        -:  206:    if (!left) return right;
        -:  207:    if (!right) return left;
        -:  208:
        -:  209:    if (comparator(left->data, right->data)) {
        -:  210:        left->next = merge(left->next, right, comparator);
        -:  211:        if (left->next) left->next->prev = left;
        -:  212:        left->prev = nullptr;
        -:  213:        return left;
        -:  214:    }
        -:  215:    right->next = merge(left, right->next, comparator);
        -:  216:    if (right->next) right->next->prev = right;
        -:  217:    right->prev = nullptr;
        -:  218:    return right;
        -:  219:}
        -:  220:
        -:  221:template <typename T>
        -:  222:typename LinkedList<T>::Node* LinkedList<T>::getMiddle(Node* head) {
        -:  223:    if (!head) return head;
        -:  224:    Node* slow = head;
        -:  225:    Node* fast = head->next;
        -:  226:
        -:  227:    while (fast && fast->next) {
        -:  228:        slow = slow->next;
        -:  229:        fast = fast->next->next;
        -:  230:    }
        -:  231:    return slow;
        -:  232:}
        -:  233:
        -:  234:template <typename T>
        -:  235:void LinkedList<T>::sort(const std::function<bool(const T&, const T&)>& comparator) {
        -:  236:    head = mergeSort(head, comparator);
        -:  237:
        -:  238:
        -:  239:    tail = head;
        -:  240:    while (tail && tail->next) {
        -:  241:        tail = tail->next;
        -:  242:    }
        -:  243:}
