        -:    0:Source:/mnt/c/Users/Lenovo/Documents/GitHub/UBB/Facultate/Anul 1/Sem 2/Lab 2-4 rework/main.c
        -:    0:Graph:/mnt/c/Users/Lenovo/Documents/GitHub/UBB/Facultate/Anul 1/Sem 2/Lab 2-4 rework/cmake-build-debug-coverage/CMakeFiles/Lab_2_4_rework.dir/main.c.gcno
        -:    0:Data:/mnt/c/Users/Lenovo/Documents/GitHub/UBB/Facultate/Anul 1/Sem 2/Lab 2-4 rework/cmake-build-debug-coverage/CMakeFiles/Lab_2_4_rework.dir/main.c.gcda
        -:    0:Runs:1
        -:    1:
        -:    2:#include "ui.h"
        -:    3:#include "validator.h"
        -:    4:
        -:    5:
        -:    6:void Teste();
function main called 1 returned 100% blocks executed 100%
        1:    7:int main(void) {
        -:    8:
        1:    9:    Teste();
        1:    9-block  0
call    0 returned 1
        1:   10:    run();
call    0 returned 1
        1:   11:    return 0;
        -:   12:}
function Teste called 1 returned 100% blocks executed 100%
        1:   13:void Teste() {
        1:   14:    testList();
        1:   14-block  0
call    0 returned 1
        1:   15:    testOferta();
call    0 returned 1
        1:   16:    testRepo();
call    0 returned 1
        1:   17:    testeService();
call    0 returned 1
        1:   18:    testValidator();
call    0 returned 1
        1:   19:}
