        -:    0:Source:/mnt/c/Users/Deny/Documents/GitHub/UBB/Facultate/Anul 1/Sem 2/OOP/Lab 6/ui.h
        -:    0:Graph:/mnt/c/Users/Deny/Documents/GitHub/UBB/Facultate/Anul 1/Sem 2/OOP/Lab 6/cmake-build-debug-coverage/CMakeFiles/Lab_6.dir/main.cpp.gcno
        -:    0:Data:/mnt/c/Users/Deny/Documents/GitHub/UBB/Facultate/Anul 1/Sem 2/OOP/Lab 6/cmake-build-debug-coverage/CMakeFiles/Lab_6.dir/main.cpp.gcda
        -:    0:Runs:1
        -:    1:#pragma once
        -:    2:#include "service.h"
        -:    3:
        -:    4:
        -:    5:class Ui {
        -:    6:    Service& service;
        -:    7:    static void readInteger(int &x,const string& msg);
        -:    8:    void adaugaDisciplina() const;
        -:    9:
        -:   10:    void modificaDisciplina() const;
        -:   11:
        -:   12:    void stergeDisciplina() const;
        -:   13:    void cautaDisciplina() const;
        -:   14:    void afiseazaDiscipline() const;
        -:   15:public:
        -:   16:
function _ZN2UiC2ER7Service called 1 returned 100% blocks executed 100%
        1:   17:    explicit Ui(Service& service):service{service}{}
        -:   18:    void startUi();
        -:   19:
        -:   20:
        -:   21:};
        -:   22:
        -:   23:
