        -:    0:Source:C:/Users/Lenovo/Documents/GitHub/UBB/Facultate/Anul 1/Sem 2/OOP/Lab 6/disciplina.h
        -:    0:Graph:C:\Users\Lenovo\Documents\GitHub\UBB\Facultate\Anul 1\Sem 2\OOP\Lab 6\cmake-build-debug-coverage\CMakeFiles\Lab_6.dir\main.cpp.gcno
        -:    0:Data:C:\Users\Lenovo\Documents\GitHub\UBB\Facultate\Anul 1\Sem 2\OOP\Lab 6\cmake-build-debug-coverage\CMakeFiles\Lab_6.dir\main.cpp.gcda
        -:    0:Runs:1
        -:    1:#pragma once
        -:    2:#include <string>
        -:    3:using std::string;
        -:    4:class Disciplina {
        -:    5:    private:
        -:    6:        string denumire;
        -:    7:        int nrOre{};
        -:    8:        string tip;
        -:    9:        string cadruDidactic;
        -:   10:    public:
        -:   11:        [[nodiscard]]int getNrOre() const;
        -:   12:        [[nodiscard]]string getDenumire() const;
        -:   13:        [[nodiscard]]string getTip() const;
        -:   14:        [[nodiscard]]string getCadruDidactic() const;
function _ZN10DisciplinaC1ENSt7__cxx1112basic_stringIcSt11char_traitsIcESaIcEEEiS5_S5_ called 269 returned 100% blocks executed 100%
      269:   15:        Disciplina(string denumire, const int nrOre, string tip, string cadruDidactic):denumire{std::move(denumire)},nrOre{nrOre},tip{std::move(tip)},cadruDidactic{std::move(cadruDidactic)} {
      269:   15-block  0
call    0 returned 269
call    1 returned 269
call    2 returned 269
call    3 returned 269
call    4 returned 269
call    5 returned 269
      269:   16:        }
function _ZN10DisciplinaD1Ev called 1613 returned 100% blocks executed 100%
     1613:   17:        ~Disciplina()=default;
     1613:   17-block  0
call    0 returned 1613
call    1 returned 1613
call    2 returned 1613
function _ZN10DisciplinaC1ERKS_ called 1336 returned 100% blocks executed 62%
     1336:   18:        Disciplina(const Disciplina& d)= default;
     1336:   18-block  0
call    0 returned 1336
call    1 returned 1336
branch  2 taken 1336 (fallthrough)
branch  3 taken 0 (throw)
     1336:   18-block  1
call    4 returned 1336
branch  5 taken 1336 (fallthrough)
branch  6 taken 0 (throw)
     1336:   18-block  2
    $$$$$:   18-block  3
call    7 never executed
    $$$$$:   18-block  4
call    8 never executed
function _ZN10DisciplinaC1Ev called 8 returned 100% blocks executed 100%
        8:   19:        Disciplina()=default;
        8:   19-block  0
call    0 returned 8
call    1 returned 8
call    2 returned 8
        -:   20:        Disciplina& operator=(const Disciplina& d) = default;
        -:   21:        bool operator==(const Disciplina& d) const {
        -:   22:            return denumire==d.denumire && tip==d.tip;
        -:   23:        }
        -:   24:
        -:   25:
        -:   26:
        -:   27:
        -:   28:};
        -:   29:void testDisciplina();
