        -:    0:Source:C:/Users/Lenovo/Documents/GitHub/UBB/Facultate/Anul 1/Sem 2/OOP/Lab 6/service.h
        -:    0:Graph:C:\Users\Lenovo\Documents\GitHub\UBB\Facultate\Anul 1\Sem 2\OOP\Lab 6\cmake-build-debug-coverage\CMakeFiles\Lab_6.dir\main.cpp.gcno
        -:    0:Data:C:\Users\Lenovo\Documents\GitHub\UBB\Facultate\Anul 1\Sem 2\OOP\Lab 6\cmake-build-debug-coverage\CMakeFiles\Lab_6.dir\main.cpp.gcda
        -:    0:Runs:1
        -:    1:#pragma once
        -:    2:#include <map>
        -:    3:
        -:    4:#include "Contract.h"
        -:    5:#include "Repo.h"
        -:    6:#include "validator.h"
        -:    7:class ServiceException final: public std::exception {
        -:    8:    string msg;
        -:    9:public:
        -:   10:    explicit ServiceException(string m):msg{std::move(m)}{
        -:   11:    }
        -:   12:    [[nodiscard]] string getMsg() const {
        -:   13:        return msg;
        -:   14:    }
        -:   15:};
        -:   16:class Service {
        -:   17:    Repo& repo;
        -:   18:    Validator& validator;
        -:   19:    Contract contract;
        -:   20:public:
function _ZN7ServiceC1ER4RepoR9Validator called 3 returned 100% blocks executed 100%
        3:   21:    explicit Service(Repo& repo,Validator& validator): repo(repo), validator(validator) {
        3:   21-block  0
call    0 returned 3
        3:   22:    }
        -:   23:
        -:   24:    void addDisciplinaService(const string& denumire, int nrOre, const string& tip, const string& cadruDidactic) const;
        -:   25:    [[nodiscard]] vector<Disciplina>& getAll() const {
        -:   26:        return repo.getAll();
        -:   27:    }
        -:   28:    void modificaDisciplinaService(const string& denumire,const string& tip,const string& denumireNoua,const string& tipNou,int nrOreNou,const string& cadruDidacticNou) const;
        -:   29:    void stergeDisciplinaService(const string& denumire,const string& tip) const;
        -:   30:
        -:   31:    [[nodiscard]]vector<Disciplina> filtrareDisciplineDupaOre(int nrOre) const;
        -:   32:
        -:   33:    [[nodiscard]]vector<Disciplina> filtrareDisciplineDupaCadruDidactic(const string &cadruDidactic) const;
        -:   34:
        -:   35:    [[nodiscard]]vector<Disciplina> sortareDisciplineDupaOre() const;
        -:   36:
        -:   37:    [[nodiscard]]vector<Disciplina> sortareDisciplineDupaDenumire() const;
        -:   38:
        -:   39:    [[nodiscard]]vector<Disciplina> sortareDisciplineDupaTipSiCadruDidactic() const;
        -:   40:
        -:   41:    [[nodiscard]] Disciplina cautaDisciplinaService(const string& denumire,const string& tip) const;
        -:   42:    void adaugaDisciplinaContractService(const string& denumire);
        -:   43:    void golesteContractService();
        -:   44:    void genereazaContractService(int nrDiscipline);
        -:   45:    [[nodiscard]] Contract& getContract() {
        -:   46:        return contract;
        -:   47:    }
        -:   48:
        -:   49:    [[nodiscard]] std::map<string,int> statistici() const;
        -:   50:    [[nodiscard]] int getContractSize() const {
        -:   51:        return contract.getSize();
        -:   52:    }
        -:   53:
        -:   54:};
        -:   55:void testService();
