        -:    0:Source:C:/Users/Lenovo/Documents/GitHub/UBB/Facultate/Anul 1/Sem 2/OOP/Lab 6/Repo.cpp
        -:    0:Graph:C:\Users\Lenovo\Documents\GitHub\UBB\Facultate\Anul 1\Sem 2\OOP\Lab 6\cmake-build-debug-coverage\CMakeFiles\Lab_6.dir\Repo.cpp.gcno
        -:    0:Data:C:\Users\Lenovo\Documents\GitHub\UBB\Facultate\Anul 1\Sem 2\OOP\Lab 6\cmake-build-debug-coverage\CMakeFiles\Lab_6.dir\Repo.cpp.gcda
        -:    0:Runs:1
        -:    1:
        -:    2:#include "Repo.h"
        -:    3:#include <cassert>
        -:    4:#include <random>
        -:    5:#include "LinkedList.h"
        -:    6:
function _ZN4Repo13addDisciplinaERK10Disciplina called 415 returned 100% blocks executed 76%
      415:    7:void Repo::addDisciplina(const Disciplina& disciplina) {
    32569:    8:    for (const Disciplina& d : discipline) {
      415:    8-block  0
call    0 returned 415
call    1 returned 415
    32155:    8-block  1
call    2 returned 32155
    32154:    8-block  2
call    3 returned 32154
    32569:    8-block  3
call    4 returned 32569
branch  5 taken 32155
branch  6 taken 414 (fallthrough)
    32155:    9:        if (d==disciplina) {
call    0 returned 32155
branch  1 taken 1 (fallthrough)
branch  2 taken 32154
        3:   10:            throw RepoException("Disciplina exista deja!\n");
        1:   10-block  0
call    0 returned 1
        1:   10-block  1
call    1 returned 1
branch  2 taken 1 (fallthrough)
branch  3 taken 0 (throw)
        1:   10-block  2
call    4 returned 1
call    5 returned 1
        1:   10-block  3
call    6 returned 1
    $$$$$:   10-block  4
    $$$$$:   10-block  5
    $$$$$:   10-block  6
call    7 never executed
        -:   11:        }
        -:   12:
        -:   13:    }
      414:   14:    discipline.push_back(disciplina);
      414:   14-block  0
call    0 returned 414
      414:   15:}
        -:   16:
function _ZNK4Repo15cautaDisciplinaERKNSt7__cxx1112basic_stringIcSt11char_traitsIcESaIcEEES7_ called 115 returned 100% blocks executed 100%
      115:   17:Disciplina Repo::cautaDisciplina(const string &denumire, const string &tip) const {
function _ZZNK4Repo15cautaDisciplinaERKNSt7__cxx1112basic_stringIcSt11char_traitsIcESaIcEEES7_ENKUlRK10DisciplinaE_clESA_ called 5161 returned 100% blocks executed 70%
     5276:   18:    if (const auto it=std::ranges::find_if(discipline,[&denumire,&tip](const Disciplina& d) {return d.getDenumire()==denumire && d.getTip()==tip;}); it!=discipline.end()) {
      115:   18-block  0
call    0 returned 115
branch  1 taken 115 (fallthrough)
branch  2 taken 0 (throw)
      115:   18-block  1
call    3 returned 115
call    4 returned 115
branch  5 taken 111 (fallthrough)
branch  6 taken 4
     5161:   18-block  2
call    7 returned 5161
branch  8 taken 5161 (fallthrough)
branch  9 taken 0 (throw)
     5161:   18-block  3
call   10 returned 5161
branch 11 taken 111 (fallthrough)
branch 12 taken 5050
      111:   18-block  4
call   13 returned 111
branch 14 taken 111 (fallthrough)
branch 15 taken 0 (throw)
      111:   18-block  5
call   16 returned 111
branch 17 taken 111 (fallthrough)
branch 18 taken 0
      111:   18-block  6
     5050:   18-block  7
     5161:   18-block  8
     5161:   18-block  9
branch 19 taken 111 (fallthrough)
branch 20 taken 5050
      111:   18-block 10
call   21 returned 111
     5161:   18-block 11
branch 22 taken 5161 (fallthrough)
branch 23 taken 0
     5161:   18-block 12
call   24 returned 5161
     5161:   18-block 13
     5161:   18-block 14
    $$$$$:   18-block 15
branch 25 never executed (fallthrough)
branch 26 never executed
    $$$$$:   18-block 16
call   27 never executed
    $$$$$:   18-block 17
    $$$$$:   18-block 18
branch 28 never executed (fallthrough)
branch 29 never executed
    $$$$$:   18-block 19
call   30 never executed
      111:   19:        return *it;
      111:   19-block  0
call    0 returned 111
call    1 returned 111
branch  2 taken 111 (fallthrough)
branch  3 taken 0 (throw)
      111:   19-block  1
        -:   20:    }
        4:   21:    return {};
        4:   21-block  0
call    0 returned 4
        -:   22:}
function _ZN4Repo16stergeDisciplinaERKNSt7__cxx1112basic_stringIcSt11char_traitsIcESaIcEEES7_ called 104 returned 99% blocks executed 76%
      104:   23:void Repo::stergeDisciplina(const string& denumire,const string& tip) {
      104:   24:    const Disciplina d= cautaDisciplina(denumire,tip);
      104:   24-block  0
call    0 returned 104
branch  1 taken 104 (fallthrough)
branch  2 taken 0 (throw)
      104:   25:    if (d==Disciplina{}) {
      104:   25-block  0
call    0 returned 104
call    1 returned 104
call    2 returned 104
branch  3 taken 1 (fallthrough)
branch  4 taken 103
        3:   26:        throw RepoException("Disciplina nu exista!\n");
        1:   26-block  0
call    0 returned 1
        1:   26-block  1
call    1 returned 1
branch  2 taken 1 (fallthrough)
branch  3 taken 0 (throw)
        1:   26-block  2
call    4 returned 1
call    5 returned 1
        1:   26-block  3
call    6 returned 1
    $$$$$:   26-block  4
    $$$$$:   26-block  5
    $$$$$:   26-block  6
call    7 never executed
        -:   27:    }
function _ZZN4Repo16stergeDisciplinaERKNSt7__cxx1112basic_stringIcSt11char_traitsIcESaIcEEES7_ENKUlRK10DisciplinaE_clESA_ called 5152 returned 100% blocks executed 100%
     5255:   28:    std::erase_if(discipline, [&d](const Disciplina& disc){return disc == d;});
      103:   28-block  0
call    0 returned 103
branch  1 taken 103 (fallthrough)
branch  2 taken 0 (throw)
     5152:   28-block  1
call    3 returned 5152
        -:   29:
      104:   30:}
      103:   30-block  0
call    0 returned 103
        1:   30-block  1
call    1 returned 1
function _ZN4Repo18modificaDisciplinaERK10DisciplinaS2_ called 5 returned 80% blocks executed 68%
        5:   31:void Repo::modificaDisciplina(const Disciplina& disciplinaNoua,const Disciplina& disciplina) {
        5:   32:    const Disciplina d =cautaDisciplina(disciplina.getDenumire(),disciplina.getTip());
        5:   32-block  0
call    0 returned 5
branch  1 taken 5 (fallthrough)
branch  2 taken 0 (throw)
        5:   32-block  1
call    3 returned 5
branch  4 taken 5 (fallthrough)
branch  5 taken 0 (throw)
        5:   32-block  2
call    6 returned 5
branch  7 taken 5 (fallthrough)
branch  8 taken 0 (throw)
        5:   32-block  3
call    9 returned 5
call   10 returned 5
    $$$$$:   32-block  4
call   11 never executed
    $$$$$:   32-block  5
    $$$$$:   32-block  6
call   12 never executed
    $$$$$:   32-block  7
        5:   33:    if (d==Disciplina{}) {
call    0 returned 5
call    1 returned 5
call    2 returned 5
branch  3 taken 1 (fallthrough)
branch  4 taken 4
        3:   34:        throw RepoException("Disciplina nu exista!\n");
        1:   34-block  0
call    0 returned 1
        1:   34-block  1
call    1 returned 1
branch  2 taken 1 (fallthrough)
branch  3 taken 0 (throw)
        1:   34-block  2
call    4 returned 1
call    5 returned 1
        1:   34-block  3
call    6 returned 1
    $$$$$:   34-block  4
    $$$$$:   34-block  5
    $$$$$:   34-block  6
call    7 never executed
        -:   35:    }
function _ZZN4Repo18modificaDisciplinaERK10DisciplinaS2_ENKUlS2_E_clES2_ called 202 returned 100% blocks executed 100%
      206:   36:    std::replace_if(discipline.begin(), discipline.end(), [&d](const Disciplina& disc) {return disc == d;}, disciplinaNoua);
        4:   36-block  0
call    0 returned 4
call    1 returned 4
call    2 returned 4
branch  3 taken 4 (fallthrough)
branch  4 taken 0 (throw)
      202:   36-block  1
call    5 returned 202
        -:   37:
        5:   38:}
        4:   38-block  0
call    0 returned 4
        1:   38-block  1
call    1 returned 1
        -:   39:
function _Z8testRepov called 1 returned 100% blocks executed 57%
        1:   40:void testRepo() {
        1:   40-block  0
        -:   41:
        -:   42:    //test adaugare repo
        -:   43:
        6:   44:    const Disciplina d1{"mate", 5, "laborator", "popescu"};
        1:   44-block  0
call    0 returned 1
branch  1 taken 1 (fallthrough)
branch  2 taken 0 (throw)
        1:   44-block  1
call    3 returned 1
branch  4 taken 1 (fallthrough)
branch  5 taken 0 (throw)
        1:   44-block  2
call    6 returned 1
branch  7 taken 1 (fallthrough)
branch  8 taken 0 (throw)
        1:   44-block  3
call    9 returned 1
call   10 returned 1
        1:   44-block  4
call   11 returned 1
        1:   44-block  5
call   12 returned 1
        1:   44-block  6
    $$$$$:   44-block  7
    $$$$$:   44-block  8
    $$$$$:   44-block  9
call   13 never executed
    $$$$$:   44-block 10
    $$$$$:   44-block 11
    $$$$$:   44-block 12
call   14 never executed
    $$$$$:   44-block 13
    $$$$$:   44-block 14
        5:   45:    const Disciplina d2{"info", 6, "seminar", "ionescu"};
        1:   45-block  0
call    0 returned 1
branch  1 taken 1 (fallthrough)
branch  2 taken 0 (throw)
        1:   45-block  1
call    3 returned 1
branch  4 taken 1 (fallthrough)
branch  5 taken 0 (throw)
        1:   45-block  2
call    6 returned 1
branch  7 taken 1 (fallthrough)
branch  8 taken 0 (throw)
        1:   45-block  3
call    9 returned 1
call   10 returned 1
        1:   45-block  4
call   11 returned 1
        1:   45-block  5
call   12 returned 1
    $$$$$:   45-block  6
    $$$$$:   45-block  7
    $$$$$:   45-block  8
call   13 never executed
    $$$$$:   45-block  9
    $$$$$:   45-block 10
    $$$$$:   45-block 11
call   14 never executed
    $$$$$:   45-block 12
    $$$$$:   45-block 13
        1:   46:    Repo r;
        1:   47:    r.addDisciplina(d1);
        1:   47-block  0
call    0 returned 1
branch  1 taken 1 (fallthrough)
branch  2 taken 0 (throw)
        1:   48:    const auto all=r.getAll();
        1:   48-block  0
call    0 returned 1
call    1 returned 1
branch  2 taken 1 (fallthrough)
branch  3 taken 0 (throw)
       1*:   49:    assert(all.size()==1);
        1:   49-block  0
call    0 returned 1
branch  1 taken 0 (fallthrough)
branch  2 taken 1
    %%%%%:   49-block  1
call    3 never executed
        1:   49-block  2
       1*:   50:    assert(*all.begin()==d1);
        1:   50-block  0
call    0 returned 1
call    1 returned 1
call    2 returned 1
branch  3 taken 0 (fallthrough)
branch  4 taken 1
    %%%%%:   50-block  1
call    5 never executed
        1:   50-block  2
    $$$$$:   50-block  3
        -:   51:    try {
        1:   52:        r.addDisciplina(d1);
        1:   52-block  0
call    0 returned 1
branch  1 taken 0 (fallthrough)
branch  2 taken 1 (throw)
        -:   53:        //assert(false);
        1:   54:    } catch (RepoException&) {
        1:   54-block  0
branch  0 taken 0 (fallthrough)
branch  1 taken 1
        1:   54-block  1
call    2 returned 1
        -:   55:        assert(true);
        1:   56:    }
call    0 returned 1
        -:   57:
        -:   58:    //test cauta disciplina repo
        -:   59:
       4*:   60:    assert(r.cautaDisciplina("mate","laborator")==d1);
        1:   60-block  0
        1:   60-block  1
call    0 returned 1
branch  1 taken 1 (fallthrough)
branch  2 taken 0 (throw)
        1:   60-block  2
        1:   60-block  3
call    3 returned 1
branch  4 taken 1 (fallthrough)
branch  5 taken 0 (throw)
        1:   60-block  4
call    6 returned 1
branch  7 taken 1 (fallthrough)
branch  8 taken 0 (throw)
        1:   60-block  5
call    9 returned 1
branch 10 taken 0 (fallthrough)
branch 11 taken 1
    %%%%%:   60-block  6
call   12 never executed
        1:   60-block  7
        1:   60-block  8
branch 13 taken 1 (fallthrough)
branch 14 taken 0
        1:   60-block  9
call   15 returned 1
        1:   60-block 10
branch 16 taken 1 (fallthrough)
branch 17 taken 0
        1:   60-block 11
call   18 returned 1
        1:   60-block 12
branch 19 taken 1 (fallthrough)
branch 20 taken 0
        1:   60-block 13
branch 21 taken 1 (fallthrough)
branch 22 taken 0
        1:   60-block 14
call   23 returned 1
        1:   60-block 15
branch 24 taken 1 (fallthrough)
branch 25 taken 0
    $$$$$:   60-block 16
branch 26 never executed (fallthrough)
branch 27 never executed
    $$$$$:   60-block 17
call   28 never executed
    $$$$$:   60-block 18
    $$$$$:   60-block 19
branch 29 never executed (fallthrough)
branch 30 never executed
    $$$$$:   60-block 20
call   31 never executed
    $$$$$:   60-block 21
    $$$$$:   60-block 22
branch 32 never executed (fallthrough)
branch 33 never executed
    $$$$$:   60-block 23
    $$$$$:   60-block 24
branch 34 never executed (fallthrough)
branch 35 never executed
    $$$$$:   60-block 25
call   36 never executed
    $$$$$:   60-block 26
    $$$$$:   60-block 27
branch 37 never executed (fallthrough)
branch 38 never executed
    $$$$$:   60-block 28
        -:   61:
        -:   62:    //test modifica disciplina repo
        1:   63:    r.modificaDisciplina(d2,d1);
        1:   63-block  0
call    0 returned 1
branch  1 taken 1 (fallthrough)
branch  2 taken 0 (throw)
       1*:   64:    assert(*r.getAll().begin()==d2);
        1:   64-block  0
call    0 returned 1
call    1 returned 1
call    2 returned 1
call    3 returned 1
branch  4 taken 0 (fallthrough)
branch  5 taken 1
    %%%%%:   64-block  1
call    6 never executed
        1:   64-block  2
    $$$$$:   64-block  3
        -:   65:    try {
        1:   66:        r.modificaDisciplina(d2,d1);
        1:   66-block  0
call    0 returned 1
branch  1 taken 0 (fallthrough)
branch  2 taken 1 (throw)
        -:   67:       // assert(false);
        1:   68:    } catch (RepoException&) {
        1:   68-block  0
branch  0 taken 0 (fallthrough)
branch  1 taken 1
        1:   68-block  1
call    2 returned 1
        -:   69:        assert(true);
        1:   70:    }
call    0 returned 1
        -:   71:
        -:   72:    //test sterge disciplina repo
        -:   73:
        1:   74:    r.stergeDisciplina(d2.getDenumire(),d2.getTip());
        1:   74-block  0
call    0 returned 1
branch  1 taken 1 (fallthrough)
branch  2 taken 0 (throw)
        1:   74-block  1
call    3 returned 1
branch  4 taken 1 (fallthrough)
branch  5 taken 0 (throw)
        1:   74-block  2
call    6 returned 1
branch  7 taken 1 (fallthrough)
branch  8 taken 0 (throw)
        1:   74-block  3
call    9 returned 1
call   10 returned 1
    $$$$$:   74-block  4
call   11 never executed
    $$$$$:   74-block  5
    $$$$$:   74-block  6
call   12 never executed
    $$$$$:   74-block  7
       1*:   75:    assert(r.getAll().empty());
call    0 returned 1
call    1 returned 1
branch  2 taken 0 (fallthrough)
branch  3 taken 1
    %%%%%:   75-block  0
call    4 never executed
        1:   75-block  1
        -:   76:    try {
       3*:   77:        r.stergeDisciplina(d1.getDenumire(),d1.getTip());
        1:   77-block  0
call    0 returned 1
branch  1 taken 1 (fallthrough)
branch  2 taken 0 (throw)
        1:   77-block  1
call    3 returned 1
branch  4 taken 1 (fallthrough)
branch  5 taken 0 (throw)
        1:   77-block  2
call    6 returned 1
branch  7 taken 0 (fallthrough)
branch  8 taken 1 (throw)
    %%%%%:   77-block  3
call    9 never executed
call   10 never executed
        1:   77-block  4
call   11 returned 1
        1:   77-block  5
        1:   77-block  6
call   12 returned 1
        1:   77-block  7
        -:   78:        //assert(false);
        1:   79:    } catch (RepoException&) {
        1:   79-block  0
branch  0 taken 0 (fallthrough)
branch  1 taken 1
        1:   79-block  1
call    2 returned 1
        -:   80:        assert(true);
        1:   81:    }
call    0 returned 1
        -:   82:
        -:   83:
        -:   84:
        -:   85:
        -:   86:
        1:   87:}
        1:   87-block  0
call    0 returned 1
call    1 returned 1
call    2 returned 1
call    3 returned 1
    $$$$$:   87-block  1
call    4 never executed
    $$$$$:   87-block  2
call    5 never executed
    $$$$$:   87-block  3
call    6 never executed
    $$$$$:   87-block  4
call    7 never executed
