        -:    0:Source:C:/Users/Lenovo/Documents/GitHub/UBB/Facultate/Anul 1/Sem 2/OOP/Lab 6/disciplina.h
        -:    0:Graph:C:\Users\Lenovo\Documents\GitHub\UBB\Facultate\Anul 1\Sem 2\OOP\Lab 6\cmake-build-debug-coverage\CMakeFiles\Lab_6.dir\Repo.cpp.gcno
        -:    0:Data:C:\Users\Lenovo\Documents\GitHub\UBB\Facultate\Anul 1\Sem 2\OOP\Lab 6\cmake-build-debug-coverage\CMakeFiles\Lab_6.dir\Repo.cpp.gcda
        -:    0:Runs:1
        -:    1:#pragma once
        -:    2:#include <string>
        -:    3:using std::string;
        -:    4:class Disciplina {
        -:    5:    private:
        -:    6:        string denumire;
        -:    7:        int nrOre{};
        -:    8:        string tip;
        -:    9:        string cadruDidactic;
        -:   10:    public:
        -:   11:        [[nodiscard]]int getNrOre() const;
        -:   12:        [[nodiscard]]string getDenumire() const;
        -:   13:        [[nodiscard]]string getTip() const;
        -:   14:        [[nodiscard]]string getCadruDidactic() const;
function _ZN10DisciplinaC1ENSt7__cxx1112basic_stringIcSt11char_traitsIcESaIcEEEiS5_S5_ called 0 returned 0% blocks executed 0%
    #####:   15:        Disciplina(string denumire, const int nrOre, string tip, string cadruDidactic):denumire{std::move(denumire)},nrOre{nrOre},tip{std::move(tip)},cadruDidactic{std::move(cadruDidactic)} {
    %%%%%:   15-block  0
call    0 never executed
call    1 never executed
call    2 never executed
call    3 never executed
call    4 never executed
call    5 never executed
    #####:   16:        }
function _ZN10DisciplinaD1Ev called 0 returned 0% blocks executed 0%
    #####:   17:        ~Disciplina()=default;
    %%%%%:   17-block  0
call    0 never executed
call    1 never executed
call    2 never executed
function _ZN10DisciplinaC1ERKS_ called 2620 returned 100% blocks executed 62%
     2620:   18:        Disciplina(const Disciplina& d)= default;
     2620:   18-block  0
call    0 returned 2620
call    1 returned 2620
branch  2 taken 2620 (fallthrough)
branch  3 taken 0 (throw)
     2620:   18-block  1
call    4 returned 2620
branch  5 taken 2620 (fallthrough)
branch  6 taken 0 (throw)
     2620:   18-block  2
    $$$$$:   18-block  3
call    7 never executed
    $$$$$:   18-block  4
call    8 never executed
function _ZN10DisciplinaC1Ev called 8 returned 100% blocks executed 100%
        8:   19:        Disciplina()=default;
        8:   19-block  0
call    0 returned 8
call    1 returned 8
call    2 returned 8
function _ZN10DisciplinaaSERKS_ called 1442 returned 100% blocks executed 100%
     1442:   20:        Disciplina& operator=(const Disciplina& d) = default;
     1442:   20-block  0
call    0 returned 1442
call    1 returned 1442
call    2 returned 1442
function _ZNK10DisciplinaeqERKS_ called 27122 returned 100% blocks executed 100%
    27122:   21:        bool operator==(const Disciplina& d) const {
    27122:   22:            return denumire==d.denumire && tip==d.tip;
    27122:   22-block  0
call    0 returned 27122
branch  1 taken 23 (fallthrough)
branch  2 taken 27099
       23:   22-block  1
call    3 returned 23
branch  4 taken 13 (fallthrough)
branch  5 taken 10
       13:   22-block  2
    27109:   22-block  3
    27122:   22-block  4
        -:   23:        }
        -:   24:
        -:   25:
        -:   26:
        -:   27:
        -:   28:};
        -:   29:void testDisciplina();
