        -:    0:Source:C:/Users/Lenovo/Documents/GitHub/UBB/Facultate/Anul 1/Sem 2/OOP/Lab 6/Repo.h
        -:    0:Graph:C:\Users\Lenovo\Documents\GitHub\UBB\Facultate\Anul 1\Sem 2\OOP\Lab 6\cmake-build-debug-coverage\CMakeFiles\Lab_6.dir\Repo.cpp.gcno
        -:    0:Data:C:\Users\Lenovo\Documents\GitHub\UBB\Facultate\Anul 1\Sem 2\OOP\Lab 6\cmake-build-debug-coverage\CMakeFiles\Lab_6.dir\Repo.cpp.gcda
        -:    0:Runs:1
        -:    1:#pragma once
        -:    2:#include <vector>
        -:    3:#include "disciplina.h"
        -:    4:#include "LinkedList.h"
        -:    5:using std::vector;
        -:    6:class RepoException final :public std::exception{
        -:    7:    string msg;
        -:    8:public:
function _ZN13RepoExceptionC1ENSt7__cxx1112basic_stringIcSt11char_traitsIcESaIcEEE called 3 returned 100% blocks executed 100%
        3:    9:    explicit RepoException(string m):msg{std::move(m)}{
        3:    9-block  0
call    0 returned 3
call    1 returned 3
call    2 returned 3
        3:   10:    }
        -:   11:    [[nodiscard]] string getMsg() const {
        -:   12:        return msg;
        -:   13:    }
        -:   14:
        -:   15:};
        -:   16:class Repo {
        -:   17:    LinkedList<Disciplina> discipline;
        -:   18:public:
        -:   19:    void addDisciplina(const Disciplina& disciplina);
        -:   20:    void stergeDisciplina(const string& denumire,const string& tip);
        -:   21:    [[nodiscard]] Disciplina cautaDisciplina(const string &denumire, const string &tip) const;
        -:   22:    void modificaDisciplina(const Disciplina& disciplinaNoua,const Disciplina& disciplina) const;
function _ZN4Repo6getAllEv called 11 returned 100% blocks executed 100%
       11:   23:    [[nodiscard]] LinkedList<Disciplina>& getAll(){
       11:   24:        return discipline;
       11:   24-block  0
        -:   25:    }
        -:   26:
        -:   27:};
        -:   28:void testRepo();
