        -:    0:Source:C:/Users/Lenovo/Documents/GitHub/UBB/Facultate/Anul 1/Sem 2/OOP/Lab 6/Repo.cpp
        -:    0:Graph:C:\Users\Lenovo\Documents\GitHub\UBB\Facultate\Anul 1\Sem 2\OOP\Lab 6\cmake-build-debug-coverage\CMakeFiles\Lab_6.dir\Repo.cpp.gcno
        -:    0:Data:C:\Users\Lenovo\Documents\GitHub\UBB\Facultate\Anul 1\Sem 2\OOP\Lab 6\cmake-build-debug-coverage\CMakeFiles\Lab_6.dir\Repo.cpp.gcda
        -:    0:Runs:1
        -:    1:
        -:    2:#include "Repo.h"
        -:    3:#include <cassert>
        -:    4:#include "LinkedList.h"
        -:    5:
function _ZN4Repo13addDisciplinaERK10Disciplina called 113 returned 99% blocks executed 77%
      113:    6:void Repo::addDisciplina(const Disciplina& disciplina) {
     6108:    7:    for (const Disciplina& d : discipline) {
      113:    7-block  0
call    0 returned 113
branch  1 taken 113 (fallthrough)
branch  2 taken 0 (throw)
      113:    7-block  1
call    3 returned 113
branch  4 taken 113 (fallthrough)
branch  5 taken 0 (throw)
      113:    7-block  2
     5996:    7-block  3
call    6 returned 5996
     5995:    7-block  4
call    7 returned 5995
     6108:    7-block  5
call    8 returned 6108
branch  9 taken 5996
branch 10 taken 112 (fallthrough)
     5996:    8:        if (d==disciplina) {
call    0 returned 5996
branch  1 taken 1 (fallthrough)
branch  2 taken 5995
        3:    9:            throw RepoException("Disciplina exista deja!\n");
        1:    9-block  0
call    0 returned 1
        1:    9-block  1
call    1 returned 1
branch  2 taken 1 (fallthrough)
branch  3 taken 0 (throw)
        1:    9-block  2
call    4 returned 1
call    5 returned 1
        1:    9-block  3
call    6 returned 1
    $$$$$:    9-block  4
    $$$$$:    9-block  5
    $$$$$:    9-block  6
call    7 never executed
        -:   10:        }
        -:   11:
        -:   12:    }
      112:   13:    discipline.push_back(disciplina);
      112:   13-block  0
call    0 returned 112
      112:   14:}
        -:   15:
function _ZNK4Repo15cautaDisciplinaERKNSt7__cxx1112basic_stringIcSt11char_traitsIcESaIcEEES7_ called 9 returned 100% blocks executed 76%
        9:   16:Disciplina Repo::cautaDisciplina(const string &denumire, const string &tip) const {
       10:   17:    for (auto & i : discipline) {
        9:   17-block  0
call    0 returned 9
branch  1 taken 9 (fallthrough)
branch  2 taken 0 (throw)
        9:   17-block  1
call    3 returned 9
branch  4 taken 9 (fallthrough)
branch  5 taken 0 (throw)
        9:   17-block  2
        8:   17-block  3
call    6 returned 8
        1:   17-block  4
call    7 returned 1
       10:   17-block  5
call    8 returned 10
branch  9 taken 8
branch 10 taken 2 (fallthrough)
        8:   18:        if (i.getDenumire()==denumire && i.getTip()==tip) {
call    0 returned 8
branch  1 taken 8 (fallthrough)
branch  2 taken 0 (throw)
        8:   18-block  0
call    3 returned 8
branch  4 taken 7 (fallthrough)
branch  5 taken 1
        7:   18-block  1
call    6 returned 7
branch  7 taken 7 (fallthrough)
branch  8 taken 0 (throw)
        7:   18-block  2
call    9 returned 7
branch 10 taken 7 (fallthrough)
branch 11 taken 0
        7:   18-block  3
        1:   18-block  4
        8:   18-block  5
branch 12 taken 7 (fallthrough)
branch 13 taken 1
        7:   18-block  6
call   14 returned 7
        8:   18-block  7
branch 15 taken 8 (fallthrough)
branch 16 taken 0
        8:   18-block  8
call   17 returned 8
        8:   18-block  9
branch 18 taken 7 (fallthrough)
branch 19 taken 1
    $$$$$:   18-block 10
branch 20 never executed (fallthrough)
branch 21 never executed
    $$$$$:   18-block 11
call   22 never executed
    $$$$$:   18-block 12
    $$$$$:   18-block 13
branch 23 never executed (fallthrough)
branch 24 never executed
    $$$$$:   18-block 14
call   25 never executed
    $$$$$:   18-block 15
        7:   19:            return i;
        7:   19-block  0
call    0 returned 7
branch  1 taken 7 (fallthrough)
branch  2 taken 0 (throw)
        7:   19-block  1
        -:   20:        }
        -:   21:    }
        2:   22:    return {};
        2:   22-block  0
call    0 returned 2
        -:   23:}
function _ZN4Repo16stergeDisciplinaERKNSt7__cxx1112basic_stringIcSt11char_traitsIcESaIcEEES7_ called 3 returned 67% blocks executed 71%
        3:   24:void Repo::stergeDisciplina(const string& denumire,const string& tip) {
        3:   25:    const Disciplina d= cautaDisciplina(denumire,tip);
        3:   25-block  0
call    0 returned 3
branch  1 taken 3 (fallthrough)
branch  2 taken 0 (throw)
        3:   26:    if (d==Disciplina{}) {
        3:   26-block  0
call    0 returned 3
call    1 returned 3
call    2 returned 3
branch  3 taken 1 (fallthrough)
branch  4 taken 2
        3:   27:        throw RepoException("Disciplina nu exista!\n");
        1:   27-block  0
call    0 returned 1
        1:   27-block  1
call    1 returned 1
branch  2 taken 1 (fallthrough)
branch  3 taken 0 (throw)
        1:   27-block  2
call    4 returned 1
call    5 returned 1
        1:   27-block  3
call    6 returned 1
    $$$$$:   27-block  4
    $$$$$:   27-block  5
    $$$$$:   27-block  6
call    7 never executed
        -:   28:    }
       2*:   29:    for (auto it=discipline.begin(); it!=discipline.end(); ++it) {
        2:   29-block  0
call    0 returned 2
branch  1 taken 2 (fallthrough)
branch  2 taken 0 (throw)
        2:   29-block  1
    %%%%%:   29-block  2
call    3 never executed
        2:   29-block  3
call    4 returned 2
branch  5 taken 2 (fallthrough)
branch  6 taken 0 (throw)
        2:   29-block  4
call    7 returned 2
branch  8 taken 2
branch  9 taken 0 (fallthrough)
    $$$$$:   29-block  5
        2:   30:        if (*it==d) {
        2:   30-block  0
call    0 returned 2
call    1 returned 2
branch  2 taken 2 (fallthrough)
branch  3 taken 0
        2:   31:            discipline.erase(it);
        2:   31-block  0
call    0 returned 2
branch  1 taken 2 (fallthrough)
branch  2 taken 0 (throw)
        2:   32:            return;
        2:   32-block  0
        -:   33:        }
        -:   34:    }
        -:   35:
       3*:   36:}
    %%%%%:   36-block  0
        2:   36-block  1
call    0 returned 2
branch  1 taken 0 (fallthrough)
branch  2 taken 2
        1:   36-block  2
call    3 returned 1
function _ZNK4Repo18modificaDisciplinaERK10DisciplinaS2_ called 3 returned 67% blocks executed 67%
        3:   37:void Repo::modificaDisciplina(const Disciplina& disciplinaNoua,const Disciplina& disciplina) const {
        3:   38:    const Disciplina d =cautaDisciplina(disciplina.getDenumire(),disciplina.getTip());
        3:   38-block  0
call    0 returned 3
branch  1 taken 3 (fallthrough)
branch  2 taken 0 (throw)
        3:   38-block  1
call    3 returned 3
branch  4 taken 3 (fallthrough)
branch  5 taken 0 (throw)
        3:   38-block  2
call    6 returned 3
branch  7 taken 3 (fallthrough)
branch  8 taken 0 (throw)
        3:   38-block  3
call    9 returned 3
call   10 returned 3
    $$$$$:   38-block  4
call   11 never executed
    $$$$$:   38-block  5
    $$$$$:   38-block  6
call   12 never executed
    $$$$$:   38-block  7
        3:   39:    if (d==Disciplina{}) {
call    0 returned 3
call    1 returned 3
call    2 returned 3
branch  3 taken 1 (fallthrough)
branch  4 taken 2
        3:   40:        throw RepoException("Disciplina nu exista!\n");
        1:   40-block  0
call    0 returned 1
        1:   40-block  1
call    1 returned 1
branch  2 taken 1 (fallthrough)
branch  3 taken 0 (throw)
        1:   40-block  2
call    4 returned 1
call    5 returned 1
        1:   40-block  3
call    6 returned 1
    $$$$$:   40-block  4
    $$$$$:   40-block  5
    $$$$$:   40-block  6
call    7 never executed
        -:   41:    }
       2*:   42:    for (auto& i : discipline) {
        2:   42-block  0
call    0 returned 2
branch  1 taken 2 (fallthrough)
branch  2 taken 0 (throw)
        2:   42-block  1
call    3 returned 2
branch  4 taken 2 (fallthrough)
branch  5 taken 0 (throw)
        2:   42-block  2
        2:   42-block  3
call    6 returned 2
    %%%%%:   42-block  4
call    7 never executed
        2:   42-block  5
call    8 returned 2
branch  9 taken 2
branch 10 taken 0 (fallthrough)
        2:   43:        if (i==d) {
call    0 returned 2
branch  1 taken 2 (fallthrough)
branch  2 taken 0
        2:   44:            i=disciplinaNoua;
        2:   44-block  0
call    0 returned 2
branch  1 taken 2 (fallthrough)
branch  2 taken 0 (throw)
        2:   45:            return;
        2:   45-block  0
        -:   46:        }
        -:   47:    }
        -:   48:
       3*:   49:}
    %%%%%:   49-block  0
        2:   49-block  1
call    0 returned 2
branch  1 taken 0 (fallthrough)
branch  2 taken 2
        1:   49-block  2
call    3 returned 1
function _Z8testRepov called 1 returned 100% blocks executed 57%
        1:   50:void testRepo() {
        1:   50-block  0
        -:   51:
        -:   52:    //test adaugare repo
        -:   53:
        6:   54:    const Disciplina d1{"mate", 5, "laborator", "popescu"};
        1:   54-block  0
call    0 returned 1
branch  1 taken 1 (fallthrough)
branch  2 taken 0 (throw)
        1:   54-block  1
call    3 returned 1
branch  4 taken 1 (fallthrough)
branch  5 taken 0 (throw)
        1:   54-block  2
call    6 returned 1
branch  7 taken 1 (fallthrough)
branch  8 taken 0 (throw)
        1:   54-block  3
call    9 returned 1
call   10 returned 1
        1:   54-block  4
call   11 returned 1
        1:   54-block  5
call   12 returned 1
        1:   54-block  6
    $$$$$:   54-block  7
    $$$$$:   54-block  8
    $$$$$:   54-block  9
call   13 never executed
    $$$$$:   54-block 10
    $$$$$:   54-block 11
    $$$$$:   54-block 12
call   14 never executed
    $$$$$:   54-block 13
    $$$$$:   54-block 14
        5:   55:    const Disciplina d2{"info", 6, "seminar", "ionescu"};
        1:   55-block  0
call    0 returned 1
branch  1 taken 1 (fallthrough)
branch  2 taken 0 (throw)
        1:   55-block  1
call    3 returned 1
branch  4 taken 1 (fallthrough)
branch  5 taken 0 (throw)
        1:   55-block  2
call    6 returned 1
branch  7 taken 1 (fallthrough)
branch  8 taken 0 (throw)
        1:   55-block  3
call    9 returned 1
call   10 returned 1
        1:   55-block  4
call   11 returned 1
        1:   55-block  5
call   12 returned 1
    $$$$$:   55-block  6
    $$$$$:   55-block  7
    $$$$$:   55-block  8
call   13 never executed
    $$$$$:   55-block  9
    $$$$$:   55-block 10
    $$$$$:   55-block 11
call   14 never executed
    $$$$$:   55-block 12
    $$$$$:   55-block 13
        1:   56:    Repo r;
        1:   56-block  0
call    0 returned 1
branch  1 taken 1 (fallthrough)
branch  2 taken 0 (throw)
        1:   57:    r.addDisciplina(d1);
        1:   57-block  0
call    0 returned 1
branch  1 taken 1 (fallthrough)
branch  2 taken 0 (throw)
        1:   58:    const auto all=r.getAll();
        1:   58-block  0
call    0 returned 1
call    1 returned 1
branch  2 taken 1 (fallthrough)
branch  3 taken 0 (throw)
       1*:   59:    assert(all.getSize()==1);
        1:   59-block  0
call    0 returned 1
branch  1 taken 0 (fallthrough)
branch  2 taken 1
    %%%%%:   59-block  1
call    3 never executed
        1:   59-block  2
       1*:   60:    assert(*all.begin()==d1);
        1:   60-block  0
call    0 returned 1
branch  1 taken 1 (fallthrough)
branch  2 taken 0 (throw)
        1:   60-block  1
call    3 returned 1
call    4 returned 1
branch  5 taken 0 (fallthrough)
branch  6 taken 1
    %%%%%:   60-block  2
call    7 never executed
        1:   60-block  3
    $$$$$:   60-block  4
        -:   61:    try {
        1:   62:        r.addDisciplina(d1);
        1:   62-block  0
call    0 returned 1
branch  1 taken 0 (fallthrough)
branch  2 taken 1 (throw)
        -:   63:        //assert(false);
        1:   64:    } catch (RepoException&) {
        1:   64-block  0
branch  0 taken 0 (fallthrough)
branch  1 taken 1
        1:   64-block  1
call    2 returned 1
        -:   65:        assert(true);
        1:   66:    }
call    0 returned 1
        -:   67:
        -:   68:    //test cauta disciplina repo
        -:   69:
       4*:   70:    assert(r.cautaDisciplina("mate","laborator")==d1);
        1:   70-block  0
        1:   70-block  1
call    0 returned 1
branch  1 taken 1 (fallthrough)
branch  2 taken 0 (throw)
        1:   70-block  2
        1:   70-block  3
call    3 returned 1
branch  4 taken 1 (fallthrough)
branch  5 taken 0 (throw)
        1:   70-block  4
call    6 returned 1
branch  7 taken 1 (fallthrough)
branch  8 taken 0 (throw)
        1:   70-block  5
call    9 returned 1
branch 10 taken 0 (fallthrough)
branch 11 taken 1
    %%%%%:   70-block  6
call   12 never executed
        1:   70-block  7
        1:   70-block  8
branch 13 taken 1 (fallthrough)
branch 14 taken 0
        1:   70-block  9
call   15 returned 1
        1:   70-block 10
branch 16 taken 1 (fallthrough)
branch 17 taken 0
        1:   70-block 11
call   18 returned 1
        1:   70-block 12
branch 19 taken 1 (fallthrough)
branch 20 taken 0
        1:   70-block 13
branch 21 taken 1 (fallthrough)
branch 22 taken 0
        1:   70-block 14
call   23 returned 1
        1:   70-block 15
branch 24 taken 1 (fallthrough)
branch 25 taken 0
    $$$$$:   70-block 16
branch 26 never executed (fallthrough)
branch 27 never executed
    $$$$$:   70-block 17
call   28 never executed
    $$$$$:   70-block 18
    $$$$$:   70-block 19
branch 29 never executed (fallthrough)
branch 30 never executed
    $$$$$:   70-block 20
call   31 never executed
    $$$$$:   70-block 21
    $$$$$:   70-block 22
branch 32 never executed (fallthrough)
branch 33 never executed
    $$$$$:   70-block 23
    $$$$$:   70-block 24
branch 34 never executed (fallthrough)
branch 35 never executed
    $$$$$:   70-block 25
call   36 never executed
    $$$$$:   70-block 26
    $$$$$:   70-block 27
branch 37 never executed (fallthrough)
branch 38 never executed
    $$$$$:   70-block 28
        -:   71:
        -:   72:    //test modifica disciplina repo
        1:   73:    r.modificaDisciplina(d2,d1);
        1:   73-block  0
call    0 returned 1
branch  1 taken 1 (fallthrough)
branch  2 taken 0 (throw)
       1*:   74:    assert(*r.getAll().begin()==d2);
        1:   74-block  0
call    0 returned 1
call    1 returned 1
branch  2 taken 1 (fallthrough)
branch  3 taken 0 (throw)
        1:   74-block  1
call    4 returned 1
call    5 returned 1
branch  6 taken 0 (fallthrough)
branch  7 taken 1
    %%%%%:   74-block  2
call    8 never executed
        1:   74-block  3
    $$$$$:   74-block  4
        -:   75:    try {
        1:   76:        r.modificaDisciplina(d2,d1);
        1:   76-block  0
call    0 returned 1
branch  1 taken 0 (fallthrough)
branch  2 taken 1 (throw)
        -:   77:       // assert(false);
        1:   78:    } catch (RepoException&) {
        1:   78-block  0
branch  0 taken 0 (fallthrough)
branch  1 taken 1
        1:   78-block  1
call    2 returned 1
        -:   79:        assert(true);
        1:   80:    }
call    0 returned 1
        -:   81:
        -:   82:    //test sterge disciplina repo
        -:   83:
        1:   84:    r.stergeDisciplina(d2.getDenumire(),d2.getTip());
        1:   84-block  0
call    0 returned 1
branch  1 taken 1 (fallthrough)
branch  2 taken 0 (throw)
        1:   84-block  1
call    3 returned 1
branch  4 taken 1 (fallthrough)
branch  5 taken 0 (throw)
        1:   84-block  2
call    6 returned 1
branch  7 taken 1 (fallthrough)
branch  8 taken 0 (throw)
        1:   84-block  3
call    9 returned 1
call   10 returned 1
    $$$$$:   84-block  4
call   11 never executed
    $$$$$:   84-block  5
    $$$$$:   84-block  6
call   12 never executed
    $$$$$:   84-block  7
       1*:   85:    assert(r.getAll().getSize()==0);
call    0 returned 1
call    1 returned 1
branch  2 taken 0 (fallthrough)
branch  3 taken 1
    %%%%%:   85-block  0
call    4 never executed
        1:   85-block  1
        -:   86:    try {
       3*:   87:        r.stergeDisciplina(d1.getDenumire(),d1.getTip());
        1:   87-block  0
call    0 returned 1
branch  1 taken 1 (fallthrough)
branch  2 taken 0 (throw)
        1:   87-block  1
call    3 returned 1
branch  4 taken 1 (fallthrough)
branch  5 taken 0 (throw)
        1:   87-block  2
call    6 returned 1
branch  7 taken 0 (fallthrough)
branch  8 taken 1 (throw)
    %%%%%:   87-block  3
call    9 never executed
call   10 never executed
        1:   87-block  4
call   11 returned 1
        1:   87-block  5
        1:   87-block  6
call   12 returned 1
        1:   87-block  7
        -:   88:        //assert(false);
        1:   89:    } catch (RepoException&) {
        1:   89-block  0
branch  0 taken 0 (fallthrough)
branch  1 taken 1
        1:   89-block  1
call    2 returned 1
        -:   90:        assert(true);
        1:   91:    }
call    0 returned 1
        -:   92:
        1:   93:}
        1:   93-block  0
call    0 returned 1
call    1 returned 1
call    2 returned 1
call    3 returned 1
    $$$$$:   93-block  1
call    4 never executed
    $$$$$:   93-block  2
call    5 never executed
    $$$$$:   93-block  3
call    6 never executed
    $$$$$:   93-block  4
call    7 never executed
