        -:    0:Source:C:/Users/Lenovo/Documents/GitHub/UBB/Facultate/Anul 1/Sem 2/OOP/Lab 6/service.cpp
        -:    0:Graph:C:\Users\Lenovo\Documents\GitHub\UBB\Facultate\Anul 1\Sem 2\OOP\Lab 6\cmake-build-debug-coverage\CMakeFiles\Lab_6.dir\service.cpp.gcno
        -:    0:Data:C:\Users\Lenovo\Documents\GitHub\UBB\Facultate\Anul 1\Sem 2\OOP\Lab 6\cmake-build-debug-coverage\CMakeFiles\Lab_6.dir\service.cpp.gcda
        -:    0:Runs:1
        -:    1:
        -:    2:#include "service.h"
        -:    3:
        -:    4:#include <cassert>
        -:    5:#include <iostream>
        -:    6:
function _ZNK7Service20addDisciplinaServiceERKNSt7__cxx1112basic_stringIcSt11char_traitsIcESaIcEEEiS7_S7_ called 112 returned 99% blocks executed 57%
      112:    7:void Service::addDisciplinaService(const string& denumire,int nrOre,const string& tip,const string& cadruDidactic) const {
        -:    8:
      112:    9:    Validator::validateDisciplina(denumire,nrOre,tip,cadruDidactic);
      112:    9-block  0
call    0 returned 112
branch  1 taken 111 (fallthrough)
branch  2 taken 1 (throw)
      111:   10:    const Disciplina d{denumire,nrOre,tip,cadruDidactic};
      111:   10-block  0
call    0 returned 111
branch  1 taken 111 (fallthrough)
branch  2 taken 0 (throw)
      111:   10-block  1
call    3 returned 111
branch  4 taken 111 (fallthrough)
branch  5 taken 0 (throw)
      111:   10-block  2
call    6 returned 111
branch  7 taken 111 (fallthrough)
branch  8 taken 0 (throw)
      111:   10-block  3
call    9 returned 111
call   10 returned 111
call   11 returned 111
call   12 returned 111
    $$$$$:   10-block  4
    $$$$$:   10-block  5
call   13 never executed
    $$$$$:   10-block  6
    $$$$$:   10-block  7
call   14 never executed
    $$$$$:   10-block  8
      111:   11:    repo.addDisciplina(d);
call    0 returned 111
branch  1 taken 111 (fallthrough)
branch  2 taken 0 (throw)
        -:   12:
      111:   13:}
      111:   13-block  0
call    0 returned 111
    $$$$$:   13-block  1
call    1 never executed
function _ZNK7Service22cautaDisciplinaServiceERKNSt7__cxx1112basic_stringIcSt11char_traitsIcESaIcEEES7_ called 2 returned 100% blocks executed 67%
        2:   14:Disciplina Service::cautaDisciplinaService(const string &denumire, const string &tip) const {
        2:   14-block  0
        2:   15:    Validator::validateDisciplina(denumire,20,tip,"salut");
        2:   15-block  0
call    0 returned 2
branch  1 taken 2 (fallthrough)
branch  2 taken 0 (throw)
        2:   15-block  1
call    3 returned 2
branch  4 taken 2 (fallthrough)
branch  5 taken 0 (throw)
        2:   15-block  2
call    6 returned 2
    $$$$$:   15-block  3
call    7 never executed
    $$$$$:   15-block  4
        2:   16:    Disciplina d = repo.cautaDisciplina(denumire, tip);
        2:   16-block  0
call    0 returned 2
        2:   17:    return d;
        2:   17-block  0
        -:   18:}
function _ZNK7Service25modificaDisciplinaServiceERKNSt7__cxx1112basic_stringIcSt11char_traitsIcESaIcEEES7_S7_S7_iS7_ called 2 returned 50% blocks executed 54%
        2:   19:void Service::modificaDisciplinaService(const string &denumire, const string &tip,const string& denumireNoua,const string& tipNou,int nrOreNou,const string& cadruDidacticNou) const {
        2:   19-block  0
        2:   20:    Validator::validateDisciplina(denumire,20,tip,"salut");
        2:   20-block  0
call    0 returned 2
branch  1 taken 2 (fallthrough)
branch  2 taken 0 (throw)
        2:   20-block  1
call    3 returned 2
branch  4 taken 2 (fallthrough)
branch  5 taken 0 (throw)
        2:   20-block  2
call    6 returned 2
    $$$$$:   20-block  3
call    7 never executed
    $$$$$:   20-block  4
    $$$$$:   20-block  5
        2:   21:    Validator::validateDisciplina(denumireNoua,nrOreNou,tipNou,cadruDidacticNou);
        2:   21-block  0
call    0 returned 2
branch  1 taken 1 (fallthrough)
branch  2 taken 1 (throw)
        1:   22:    const Disciplina& d = cautaDisciplinaService(denumire,tip);
        1:   22-block  0
call    0 returned 1
branch  1 taken 1 (fallthrough)
branch  2 taken 0 (throw)
        1:   23:    Disciplina disciplinaNoua{denumireNoua,nrOreNou,tipNou,cadruDidacticNou};
        1:   23-block  0
call    0 returned 1
branch  1 taken 1 (fallthrough)
branch  2 taken 0 (throw)
        1:   23-block  1
call    3 returned 1
branch  4 taken 1 (fallthrough)
branch  5 taken 0 (throw)
        1:   23-block  2
call    6 returned 1
branch  7 taken 1 (fallthrough)
branch  8 taken 0 (throw)
        1:   23-block  3
call    9 returned 1
call   10 returned 1
call   11 returned 1
call   12 returned 1
    $$$$$:   23-block  4
    $$$$$:   23-block  5
call   13 never executed
    $$$$$:   23-block  6
    $$$$$:   23-block  7
call   14 never executed
    $$$$$:   23-block  8
        1:   24:    repo.modificaDisciplina(disciplinaNoua,d);
call    0 returned 1
branch  1 taken 1 (fallthrough)
branch  2 taken 0 (throw)
        1:   25:}
        1:   25-block  0
call    0 returned 1
call    1 returned 1
    $$$$$:   25-block  1
call    2 never executed
    $$$$$:   25-block  2
call    3 never executed
function _ZNK7Service23stergeDisciplinaServiceERKNSt7__cxx1112basic_stringIcSt11char_traitsIcESaIcEEES7_ called 2 returned 50% blocks executed 100%
        2:   26:void Service::stergeDisciplinaService(const string &denumire, const string &tip) const {
        2:   26-block  0
        3:   27:    Validator::validateDisciplina(denumire,20,tip,"salut");
        2:   27-block  0
call    0 returned 2
branch  1 taken 2 (fallthrough)
branch  2 taken 0 (throw)
        2:   27-block  1
call    3 returned 2
branch  4 taken 1 (fallthrough)
branch  5 taken 1 (throw)
        1:   27-block  2
call    6 returned 1
        1:   27-block  3
call    7 returned 1
        1:   27-block  4
        1:   28:    repo.stergeDisciplina(denumire,tip);
        1:   28-block  0
call    0 returned 1
        1:   29:}
function _ZNK7Service25filtrareDisciplineDupaOreEi called 1 returned 100% blocks executed 78%
        1:   30:LinkedList<Disciplina>Service::filtrareDisciplineDupaOre(const int nrOre) const {
        1:   31:    LinkedList<Disciplina> discipline=getAll();
        1:   31-block  0
call    0 returned 1
call    1 returned 1
branch  2 taken 1 (fallthrough)
branch  3 taken 0 (throw)
        1:   32:    LinkedList<Disciplina> disciplineFiltrate;
        1:   32-block  0
call    0 returned 1
      101:   33:    for (const auto& d:discipline) {
call    0 returned 1
branch  1 taken 1 (fallthrough)
branch  2 taken 0 (throw)
        1:   33-block  0
call    3 returned 1
branch  4 taken 1 (fallthrough)
branch  5 taken 0 (throw)
        1:   33-block  1
      100:   33-block  2
call    6 returned 100
      100:   33-block  3
call    7 returned 100
      101:   33-block  4
call    8 returned 101
branch  9 taken 100
branch 10 taken 1 (fallthrough)
      100:   34:        if (d.getNrOre()>=nrOre) {
call    0 returned 100
branch  1 taken 100 (fallthrough)
branch  2 taken 0 (throw)
      100:   34-block  0
branch  3 taken 50 (fallthrough)
branch  4 taken 50
       50:   35:            disciplineFiltrate.push_back(d);
       50:   35-block  0
call    0 returned 50
branch  1 taken 50 (fallthrough)
branch  2 taken 0 (throw)
        -:   36:        }
        -:   37:    }
        -:   38:
        2:   39:    return disciplineFiltrate;
        1:   39-block  0
        1:   39-block  1
        1:   40:}
        1:   40-block  0
call    0 returned 1
    $$$$$:   40-block  1
call    1 never executed
    $$$$$:   40-block  2
call    2 never executed
function _ZNK7Service35filtrareDisciplineDupaCadruDidacticERKNSt7__cxx1112basic_stringIcSt11char_traitsIcESaIcEEE called 1 returned 100% blocks executed 77%
        1:   41:LinkedList<Disciplina> Service::filtrareDisciplineDupaCadruDidactic(const string& cadruDidactic) const {
        1:   42:    const LinkedList<Disciplina> discipline=getAll();
        1:   42-block  0
call    0 returned 1
call    1 returned 1
branch  2 taken 1 (fallthrough)
branch  3 taken 0 (throw)
        1:   43:    LinkedList<Disciplina> disciplineFiltrate;
        1:   43-block  0
call    0 returned 1
      101:   44:    for (const auto& d:discipline) {
call    0 returned 1
branch  1 taken 1 (fallthrough)
branch  2 taken 0 (throw)
        1:   44-block  0
call    3 returned 1
branch  4 taken 1 (fallthrough)
branch  5 taken 0 (throw)
        1:   44-block  1
      100:   44-block  2
call    6 returned 100
      100:   44-block  3
call    7 returned 100
      101:   44-block  4
call    8 returned 101
branch  9 taken 100
branch 10 taken 1 (fallthrough)
      100:   45:        if (d.getCadruDidactic()==cadruDidactic) {
call    0 returned 100
branch  1 taken 100 (fallthrough)
branch  2 taken 0 (throw)
      100:   45-block  0
call    3 returned 100
call    4 returned 100
branch  5 taken 100 (fallthrough)
branch  6 taken 0
    $$$$$:   45-block  1
      100:   46:            disciplineFiltrate.push_back(d);
      100:   46-block  0
call    0 returned 100
branch  1 taken 100 (fallthrough)
branch  2 taken 0 (throw)
        -:   47:        }
        -:   48:    }
        -:   49:
        2:   50:    return disciplineFiltrate;
        1:   50-block  0
        1:   50-block  1
        1:   51:}
        1:   51-block  0
call    0 returned 1
    $$$$$:   51-block  1
call    1 never executed
    $$$$$:   51-block  2
call    2 never executed
function _ZNK7Service24sortareDisciplineDupaOreEv called 1 returned 100% blocks executed 62%
        1:   52:LinkedList<Disciplina> Service::sortareDisciplineDupaOre() const {
        1:   53:    LinkedList<Disciplina> discipline=getAll();
        1:   53-block  0
call    0 returned 1
call    1 returned 1
function _ZZNK7Service24sortareDisciplineDupaOreEvENKUlRK10DisciplinaS2_E_clES2_S2_ called 356 returned 100% blocks executed 100%
        1:   54:    discipline.sort([](const Disciplina& d1, const Disciplina& d2) {
call    0 returned 1
call    1 returned 1
branch  2 taken 1 (fallthrough)
branch  3 taken 0 (throw)
        1:   54-block  0
call    4 returned 1
    $$$$$:   54-block  1
call    5 never executed
    $$$$$:   54-block  2
    $$$$$:   54-block  3
      356:   55:        return d1.getNrOre() < d2.getNrOre();
      356:   55-block  0
call    0 returned 356
call    1 returned 356
        -:   56:    });
        1:   57:    return discipline;
        1:   57-block  0
    =====:   58:}
    $$$$$:   58-block  0
call    0 never executed
function _ZNK7Service29sortareDisciplineDupaDenumireEv called 1 returned 100% blocks executed 62%
        1:   59:LinkedList<Disciplina> Service::sortareDisciplineDupaDenumire() const {
        1:   60:    LinkedList<Disciplina> discipline=getAll();
        1:   60-block  0
call    0 returned 1
call    1 returned 1
function _ZZNK7Service29sortareDisciplineDupaDenumireEvENKUlRK10DisciplinaS2_E_clES2_S2_ called 424 returned 100% blocks executed 71%
        1:   61:    discipline.sort([](const Disciplina& d1, const Disciplina& d2) {
call    0 returned 1
call    1 returned 1
branch  2 taken 1 (fallthrough)
branch  3 taken 0 (throw)
        1:   61-block  0
call    4 returned 1
    $$$$$:   61-block  1
call    5 never executed
    $$$$$:   61-block  2
    $$$$$:   61-block  3
      424:   62:        return d1.getDenumire() < d2.getDenumire();
      424:   62-block  0
call    0 returned 424
call    1 returned 424
branch  2 taken 424 (fallthrough)
branch  3 taken 0 (throw)
      424:   62-block  1
call    4 returned 424
branch  5 taken 424 (fallthrough)
branch  6 taken 0 (throw)
      424:   62-block  2
call    7 returned 424
call    8 returned 424
call    9 returned 424
call   10 returned 424
      424:   62-block  3
    $$$$$:   62-block  4
    $$$$$:   62-block  5
call   11 never executed
    $$$$$:   62-block  6
        -:   63:    });
        1:   64:    return discipline;
        1:   64-block  0
    =====:   65:}
    $$$$$:   65-block  0
call    0 never executed
function _ZNK7Service39sortareDisciplineDupaTipSiCadruDidacticEv called 1 returned 100% blocks executed 62%
        1:   66:LinkedList <Disciplina> Service::sortareDisciplineDupaTipSiCadruDidactic() const {
        1:   67:    LinkedList<Disciplina> discipline=getAll();
        1:   67-block  0
call    0 returned 1
call    1 returned 1
function _ZZNK7Service39sortareDisciplineDupaTipSiCadruDidacticEvENKUlRK10DisciplinaS2_E_clES2_S2_ called 430 returned 100% blocks executed 65%
        1:   68:    discipline.sort([](const Disciplina& d1, const Disciplina& d2) {
call    0 returned 1
call    1 returned 1
branch  2 taken 1 (fallthrough)
branch  3 taken 0 (throw)
        1:   68-block  0
call    4 returned 1
    $$$$$:   68-block  1
call    5 never executed
    $$$$$:   68-block  2
    $$$$$:   68-block  3
      430:   69:        if (d1.getTip() == d2.getTip()) {
      430:   69-block  0
call    0 returned 430
branch  1 taken 430 (fallthrough)
branch  2 taken 0 (throw)
      430:   69-block  1
call    3 returned 430
branch  4 taken 430 (fallthrough)
branch  5 taken 0 (throw)
      430:   69-block  2
call    6 returned 430
call    7 returned 430
call    8 returned 430
branch  9 taken 307 (fallthrough)
branch 10 taken 123
    $$$$$:   69-block  3
    $$$$$:   69-block  4
call   11 never executed
    $$$$$:   69-block  5
call   12 never executed
      307:   70:            return d1.getCadruDidactic() < d2.getCadruDidactic();
      307:   70-block  0
call    0 returned 307
call    1 returned 307
branch  2 taken 307 (fallthrough)
branch  3 taken 0 (throw)
      307:   70-block  1
call    4 returned 307
branch  5 taken 307 (fallthrough)
branch  6 taken 0 (throw)
      307:   70-block  2
call    7 returned 307
call    8 returned 307
call    9 returned 307
call   10 returned 307
    $$$$$:   70-block  3
    $$$$$:   70-block  4
call   11 never executed
    $$$$$:   70-block  5
    $$$$$:   70-block  6
call   12 never executed
        -:   71:        }
      123:   72:        return d1.getTip() < d2.getTip();
      123:   72-block  0
call    0 returned 123
call    1 returned 123
branch  2 taken 123 (fallthrough)
branch  3 taken 0 (throw)
      123:   72-block  1
call    4 returned 123
branch  5 taken 123 (fallthrough)
branch  6 taken 0 (throw)
      123:   72-block  2
call    7 returned 123
call    8 returned 123
call    9 returned 123
call   10 returned 123
    $$$$$:   72-block  3
    $$$$$:   72-block  4
call   11 never executed
    $$$$$:   72-block  5
        -:   73:    });
        1:   74:    return discipline;
        1:   74-block  0
    =====:   75:}
    $$$$$:   75-block  0
call    0 never executed
function _Z11testServicev called 1 returned 100% blocks executed 59%
        1:   76:void testService() {
        -:   77:    //test adaugare
        -:   78:
        1:   79:    Repo r;
        1:   79-block  0
call    0 returned 1
branch  1 taken 1 (fallthrough)
branch  2 taken 0 (throw)
        -:   80:    Validator v;
        1:   81:    Service s{r,v};
        1:   81-block  0
call    0 returned 1
        5:   82:    s.addDisciplinaService("mate",5,"laborator","popescu");
        1:   82-block  0
call    0 returned 1
branch  1 taken 1 (fallthrough)
branch  2 taken 0 (throw)
        1:   82-block  1
call    3 returned 1
branch  4 taken 1 (fallthrough)
branch  5 taken 0 (throw)
        1:   82-block  2
call    6 returned 1
branch  7 taken 1 (fallthrough)
branch  8 taken 0 (throw)
        1:   82-block  3
call    9 returned 1
branch 10 taken 1 (fallthrough)
branch 11 taken 0 (throw)
        1:   82-block  4
call   12 returned 1
        1:   82-block  5
call   13 returned 1
        1:   82-block  6
call   14 returned 1
    $$$$$:   82-block  7
call   15 never executed
    $$$$$:   82-block  8
    $$$$$:   82-block  9
    $$$$$:   82-block 10
call   16 never executed
    $$$$$:   82-block 11
    $$$$$:   82-block 12
    $$$$$:   82-block 13
call   17 never executed
    $$$$$:   82-block 14
    $$$$$:   82-block 15
        1:   83:    const auto& all=s.getAll();
        1:   83-block  0
call    0 returned 1
       1*:   84:    assert(all.getSize()==1);
call    0 returned 1
branch  1 taken 0 (fallthrough)
branch  2 taken 1
    %%%%%:   84-block  0
call    3 never executed
        1:   84-block  1
       7*:   85:    assert(*all.begin()==Disciplina("mate",5,"laborator","popescu"));
        1:   85-block  0
        1:   85-block  1
call    0 returned 1
branch  1 taken 1 (fallthrough)
branch  2 taken 0 (throw)
        1:   85-block  2
        1:   85-block  3
call    3 returned 1
branch  4 taken 1 (fallthrough)
branch  5 taken 0 (throw)
        1:   85-block  4
        1:   85-block  5
call    6 returned 1
branch  7 taken 1 (fallthrough)
branch  8 taken 0 (throw)
        1:   85-block  6
call    9 returned 1
call   10 returned 1
branch 11 taken 1 (fallthrough)
branch 12 taken 0 (throw)
        1:   85-block  7
call   13 returned 1
call   14 returned 1
branch 15 taken 0 (fallthrough)
branch 16 taken 1
    %%%%%:   85-block  8
call   17 never executed
        1:   85-block  9
        1:   85-block 10
branch 18 taken 1 (fallthrough)
branch 19 taken 0
        1:   85-block 11
call   20 returned 1
        1:   85-block 12
branch 21 taken 1 (fallthrough)
branch 22 taken 0
        1:   85-block 13
call   23 returned 1
        1:   85-block 14
branch 24 taken 1 (fallthrough)
branch 25 taken 0
        1:   85-block 15
branch 26 taken 1 (fallthrough)
branch 27 taken 0
        1:   85-block 16
call   28 returned 1
        1:   85-block 17
branch 29 taken 1 (fallthrough)
branch 30 taken 0
        1:   85-block 18
branch 31 taken 1 (fallthrough)
branch 32 taken 0
        1:   85-block 19
call   33 returned 1
        1:   85-block 20
branch 34 taken 1 (fallthrough)
branch 35 taken 0
        1:   85-block 21
    $$$$$:   85-block 22
    $$$$$:   85-block 23
branch 36 never executed (fallthrough)
branch 37 never executed
    $$$$$:   85-block 24
call   38 never executed
    $$$$$:   85-block 25
    $$$$$:   85-block 26
branch 39 never executed (fallthrough)
branch 40 never executed
    $$$$$:   85-block 27
call   41 never executed
    $$$$$:   85-block 28
    $$$$$:   85-block 29
branch 42 never executed (fallthrough)
branch 43 never executed
    $$$$$:   85-block 30
    $$$$$:   85-block 31
branch 44 never executed (fallthrough)
branch 45 never executed
    $$$$$:   85-block 32
call   46 never executed
    $$$$$:   85-block 33
    $$$$$:   85-block 34
branch 47 never executed (fallthrough)
branch 48 never executed
    $$$$$:   85-block 35
    $$$$$:   85-block 36
branch 49 never executed (fallthrough)
branch 50 never executed
    $$$$$:   85-block 37
call   51 never executed
    $$$$$:   85-block 38
    $$$$$:   85-block 39
branch 52 never executed (fallthrough)
branch 53 never executed
    $$$$$:   85-block 40
        -:   86:    try {
       6*:   87:        s.addDisciplinaService("",-1,"","");
        1:   87-block  0
call    0 returned 1
branch  1 taken 1 (fallthrough)
branch  2 taken 0 (throw)
        1:   87-block  1
call    3 returned 1
branch  4 taken 1 (fallthrough)
branch  5 taken 0 (throw)
        1:   87-block  2
call    6 returned 1
branch  7 taken 1 (fallthrough)
branch  8 taken 0 (throw)
        1:   87-block  3
call    9 returned 1
branch 10 taken 0 (fallthrough)
branch 11 taken 1 (throw)
    %%%%%:   87-block  4
call   12 never executed
    %%%%%:   87-block  5
call   13 never executed
    %%%%%:   87-block  6
call   14 never executed
    %%%%%:   87-block  7
        1:   87-block  8
call   15 returned 1
        1:   87-block  9
        1:   87-block 10
        1:   87-block 11
call   16 returned 1
        1:   87-block 12
        1:   87-block 13
        1:   87-block 14
call   17 returned 1
        1:   87-block 15
        1:   87-block 16
        -:   88:        //assert(false);
        1:   89:    }catch (ValidationError&) {
        1:   89-block  0
branch  0 taken 0 (fallthrough)
branch  1 taken 1
        1:   89-block  1
call    2 returned 1
        -:   90:        assert(true);
        1:   91:    }
call    0 returned 1
branch  1 taken 1 (fallthrough)
branch  2 taken 0 (throw)
        -:   92:
        -:   93:    //test cauta disciplina
        -:   94:
        4:   95:     const Disciplina& d=s.cautaDisciplinaService("mate","laborator");
        1:   95-block  0
call    0 returned 1
branch  1 taken 1 (fallthrough)
branch  2 taken 0 (throw)
        1:   95-block  1
call    3 returned 1
branch  4 taken 1 (fallthrough)
branch  5 taken 0 (throw)
        1:   95-block  2
call    6 returned 1
branch  7 taken 1 (fallthrough)
branch  8 taken 0 (throw)
        1:   95-block  3
call    9 returned 1
        1:   95-block  4
call   10 returned 1
        1:   95-block  5
    $$$$$:   95-block  6
call   11 never executed
    $$$$$:   95-block  7
    $$$$$:   95-block  8
    $$$$$:   95-block  9
call   12 never executed
    $$$$$:   95-block 10
    $$$$$:   95-block 11
        5:   96:     const auto &d2 = Disciplina("mate",5,"laborator","popescu");
        1:   96-block  0
call    0 returned 1
branch  1 taken 1 (fallthrough)
branch  2 taken 0 (throw)
        1:   96-block  1
call    3 returned 1
branch  4 taken 1 (fallthrough)
branch  5 taken 0 (throw)
        1:   96-block  2
call    6 returned 1
branch  7 taken 1 (fallthrough)
branch  8 taken 0 (throw)
        1:   96-block  3
call    9 returned 1
call   10 returned 1
        1:   96-block  4
call   11 returned 1
        1:   96-block  5
call   12 returned 1
    $$$$$:   96-block  6
    $$$$$:   96-block  7
    $$$$$:   96-block  8
call   13 never executed
    $$$$$:   96-block  9
    $$$$$:   96-block 10
    $$$$$:   96-block 11
call   14 never executed
    $$$$$:   96-block 12
    $$$$$:   96-block 13
       1*:   97:     assert(d==d2);
        1:   97-block  0
call    0 returned 1
branch  1 taken 0 (fallthrough)
branch  2 taken 1
    %%%%%:   97-block  1
call    3 never executed
        1:   97-block  2
        -:   98:
        -:   99:
        -:  100:    //test modifica disciplina
        -:  101:
        9:  102:    s.modificaDisciplinaService("mate","laborator","info","seminar",6,"ionescu");
        1:  102-block  0
call    0 returned 1
branch  1 taken 1 (fallthrough)
branch  2 taken 0 (throw)
        1:  102-block  1
call    3 returned 1
branch  4 taken 1 (fallthrough)
branch  5 taken 0 (throw)
        1:  102-block  2
call    6 returned 1
branch  7 taken 1 (fallthrough)
branch  8 taken 0 (throw)
        1:  102-block  3
call    9 returned 1
branch 10 taken 1 (fallthrough)
branch 11 taken 0 (throw)
        1:  102-block  4
call   12 returned 1
branch 13 taken 1 (fallthrough)
branch 14 taken 0 (throw)
        1:  102-block  5
call   15 returned 1
branch 16 taken 1 (fallthrough)
branch 17 taken 0 (throw)
        1:  102-block  6
call   18 returned 1
        1:  102-block  7
call   19 returned 1
        1:  102-block  8
call   20 returned 1
        1:  102-block  9
call   21 returned 1
        1:  102-block 10
call   22 returned 1
    $$$$$:  102-block 11
call   23 never executed
    $$$$$:  102-block 12
    $$$$$:  102-block 13
    $$$$$:  102-block 14
call   24 never executed
    $$$$$:  102-block 15
    $$$$$:  102-block 16
    $$$$$:  102-block 17
call   25 never executed
    $$$$$:  102-block 18
    $$$$$:  102-block 19
    $$$$$:  102-block 20
call   26 never executed
    $$$$$:  102-block 21
    $$$$$:  102-block 22
    $$$$$:  102-block 23
call   27 never executed
    $$$$$:  102-block 24
    $$$$$:  102-block 25
       7*:  103:    assert(*s.getAll().begin()==Disciplina("info",6,"seminar","ionescu"));
        1:  103-block  0
        1:  103-block  1
call    0 returned 1
branch  1 taken 1 (fallthrough)
branch  2 taken 0 (throw)
        1:  103-block  2
        1:  103-block  3
call    3 returned 1
branch  4 taken 1 (fallthrough)
branch  5 taken 0 (throw)
        1:  103-block  4
        1:  103-block  5
call    6 returned 1
branch  7 taken 1 (fallthrough)
branch  8 taken 0 (throw)
        1:  103-block  6
call    9 returned 1
call   10 returned 1
call   11 returned 1
branch 12 taken 1 (fallthrough)
branch 13 taken 0 (throw)
        1:  103-block  7
call   14 returned 1
call   15 returned 1
branch 16 taken 0 (fallthrough)
branch 17 taken 1
    %%%%%:  103-block  8
call   18 never executed
        1:  103-block  9
        1:  103-block 10
branch 19 taken 1 (fallthrough)
branch 20 taken 0
        1:  103-block 11
call   21 returned 1
        1:  103-block 12
branch 22 taken 1 (fallthrough)
branch 23 taken 0
        1:  103-block 13
call   24 returned 1
        1:  103-block 14
branch 25 taken 1 (fallthrough)
branch 26 taken 0
        1:  103-block 15
branch 27 taken 1 (fallthrough)
branch 28 taken 0
        1:  103-block 16
call   29 returned 1
        1:  103-block 17
branch 30 taken 1 (fallthrough)
branch 31 taken 0
        1:  103-block 18
branch 32 taken 1 (fallthrough)
branch 33 taken 0
        1:  103-block 19
call   34 returned 1
        1:  103-block 20
branch 35 taken 1 (fallthrough)
branch 36 taken 0
        1:  103-block 21
    $$$$$:  103-block 22
    $$$$$:  103-block 23
branch 37 never executed (fallthrough)
branch 38 never executed
    $$$$$:  103-block 24
call   39 never executed
    $$$$$:  103-block 25
    $$$$$:  103-block 26
branch 40 never executed (fallthrough)
branch 41 never executed
    $$$$$:  103-block 27
call   42 never executed
    $$$$$:  103-block 28
    $$$$$:  103-block 29
branch 43 never executed (fallthrough)
branch 44 never executed
    $$$$$:  103-block 30
    $$$$$:  103-block 31
branch 45 never executed (fallthrough)
branch 46 never executed
    $$$$$:  103-block 32
call   47 never executed
    $$$$$:  103-block 33
    $$$$$:  103-block 34
branch 48 never executed (fallthrough)
branch 49 never executed
    $$$$$:  103-block 35
    $$$$$:  103-block 36
branch 50 never executed (fallthrough)
branch 51 never executed
    $$$$$:  103-block 37
call   52 never executed
    $$$$$:  103-block 38
    $$$$$:  103-block 39
branch 53 never executed (fallthrough)
branch 54 never executed
    $$$$$:  103-block 40
        -:  104:    try {
      10*:  105:        s.modificaDisciplinaService("mate","laborator","","",0,"");
        1:  105-block  0
call    0 returned 1
branch  1 taken 1 (fallthrough)
branch  2 taken 0 (throw)
        1:  105-block  1
call    3 returned 1
branch  4 taken 1 (fallthrough)
branch  5 taken 0 (throw)
        1:  105-block  2
call    6 returned 1
branch  7 taken 1 (fallthrough)
branch  8 taken 0 (throw)
        1:  105-block  3
call    9 returned 1
branch 10 taken 1 (fallthrough)
branch 11 taken 0 (throw)
        1:  105-block  4
call   12 returned 1
branch 13 taken 1 (fallthrough)
branch 14 taken 0 (throw)
        1:  105-block  5
call   15 returned 1
branch 16 taken 0 (fallthrough)
branch 17 taken 1 (throw)
    %%%%%:  105-block  6
call   18 never executed
    %%%%%:  105-block  7
call   19 never executed
    %%%%%:  105-block  8
call   20 never executed
    %%%%%:  105-block  9
call   21 never executed
    %%%%%:  105-block 10
call   22 never executed
    %%%%%:  105-block 11
        1:  105-block 12
call   23 returned 1
        1:  105-block 13
        1:  105-block 14
        1:  105-block 15
call   24 returned 1
        1:  105-block 16
        1:  105-block 17
        1:  105-block 18
call   25 returned 1
        1:  105-block 19
        1:  105-block 20
        1:  105-block 21
call   26 returned 1
        1:  105-block 22
        1:  105-block 23
        1:  105-block 24
call   27 returned 1
        1:  105-block 25
        1:  105-block 26
        -:  106:        //assert(false);
        1:  107:    }catch (ValidationError&) {
        1:  107-block  0
branch  0 taken 0 (fallthrough)
branch  1 taken 1
        1:  107-block  1
call    2 returned 1
        -:  108:        assert(true);
        1:  109:    }
call    0 returned 1
branch  1 taken 1 (fallthrough)
branch  2 taken 0 (throw)
        -:  110:
        -:  111:    //test sterge disciplina
        -:  112:
        3:  113:    s.stergeDisciplinaService("info","seminar");
        1:  113-block  0
call    0 returned 1
branch  1 taken 1 (fallthrough)
branch  2 taken 0 (throw)
        1:  113-block  1
call    3 returned 1
branch  4 taken 1 (fallthrough)
branch  5 taken 0 (throw)
        1:  113-block  2
call    6 returned 1
branch  7 taken 1 (fallthrough)
branch  8 taken 0 (throw)
        1:  113-block  3
call    9 returned 1
        1:  113-block  4
call   10 returned 1
    $$$$$:  113-block  5
call   11 never executed
    $$$$$:  113-block  6
    $$$$$:  113-block  7
    $$$$$:  113-block  8
call   12 never executed
    $$$$$:  113-block  9
    $$$$$:  113-block 10
       1*:  114:    assert(s.getAll().getSize()==0);
        1:  114-block  0
call    0 returned 1
call    1 returned 1
branch  2 taken 0 (fallthrough)
branch  3 taken 1
    %%%%%:  114-block  1
call    4 never executed
        1:  114-block  2
        -:  115:    try {
       4*:  116:        s.stergeDisciplinaService("","");
        1:  116-block  0
call    0 returned 1
branch  1 taken 1 (fallthrough)
branch  2 taken 0 (throw)
        1:  116-block  1
call    3 returned 1
branch  4 taken 1 (fallthrough)
branch  5 taken 0 (throw)
        1:  116-block  2
call    6 returned 1
branch  7 taken 0 (fallthrough)
branch  8 taken 1 (throw)
    %%%%%:  116-block  3
call    9 never executed
    %%%%%:  116-block  4
call   10 never executed
    %%%%%:  116-block  5
        1:  116-block  6
call   11 returned 1
        1:  116-block  7
        1:  116-block  8
        1:  116-block  9
call   12 returned 1
        1:  116-block 10
        1:  116-block 11
        -:  117:        //assert(false);
        1:  118:    }catch (ValidationError&) {
        1:  118-block  0
branch  0 taken 0 (fallthrough)
branch  1 taken 1
        1:  118-block  1
call    2 returned 1
        -:  119:        assert(true);
        1:  120:    }
call    0 returned 1
branch  1 taken 1 (fallthrough)
branch  2 taken 0 (throw)
        -:  121:
        -:  122:    //test filtrareDupaOre
        -:  123:
      101:  124:    for (int i = 0;i<100;i++) {
        1:  124-block  0
      101:  124-block  1
branch  0 taken 100
branch  1 taken 1 (fallthrough)
      400:  125:        s.addDisciplinaService("mate"+std::to_string(i),i,"laborator","popescu");
      100:  125-block  0
call    0 returned 100
branch  1 taken 100 (fallthrough)
branch  2 taken 0 (throw)
      100:  125-block  1
call    3 returned 100
branch  4 taken 100 (fallthrough)
branch  5 taken 0 (throw)
      100:  125-block  2
call    6 returned 100
call    7 returned 100
branch  8 taken 100 (fallthrough)
branch  9 taken 0 (throw)
      100:  125-block  3
call   10 returned 100
branch 11 taken 100 (fallthrough)
branch 12 taken 0 (throw)
      100:  125-block  4
call   13 returned 100
call   14 returned 100
call   15 returned 100
      100:  125-block  5
call   16 returned 100
      100:  125-block  6
    $$$$$:  125-block  7
call   17 never executed
    $$$$$:  125-block  8
call   18 never executed
    $$$$$:  125-block  9
    $$$$$:  125-block 10
    $$$$$:  125-block 11
call   19 never executed
    $$$$$:  125-block 12
    $$$$$:  125-block 13
    $$$$$:  125-block 14
call   20 never executed
    $$$$$:  125-block 15
    $$$$$:  125-block 16
        -:  126:    }
        1:  127:    const LinkedList<Disciplina> disciplineFiltrate=s.filtrareDisciplineDupaOre(50);
        1:  127-block  0
call    0 returned 1
branch  1 taken 1 (fallthrough)
branch  2 taken 0 (throw)
       1*:  128:    assert(disciplineFiltrate.getSize()==50);
        1:  128-block  0
call    0 returned 1
branch  1 taken 0 (fallthrough)
branch  2 taken 1
    %%%%%:  128-block  1
call    3 never executed
        1:  128-block  2
       51:  129:    for (auto it=disciplineFiltrate.begin();it!=disciplineFiltrate.end();++it) {
        1:  129-block  0
call    0 returned 1
branch  1 taken 1 (fallthrough)
branch  2 taken 0 (throw)
        1:  129-block  1
       50:  129-block  2
call    3 returned 50
       51:  129-block  3
call    4 returned 51
branch  5 taken 51 (fallthrough)
branch  6 taken 0 (throw)
       51:  129-block  4
call    7 returned 51
branch  8 taken 50
branch  9 taken 1 (fallthrough)
    $$$$$:  129-block  5
      50*:  130:        assert(it->getNrOre()>=50);
       50:  130-block  0
call    0 returned 50
call    1 returned 50
branch  2 taken 50 (fallthrough)
branch  3 taken 0 (throw)
       50:  130-block  1
branch  4 taken 0 (fallthrough)
branch  5 taken 50
    %%%%%:  130-block  2
call    6 never executed
       50:  130-block  3
        -:  131:    }
        -:  132:    //test filtrareDupaCadruDidactic
        1:  133:    const LinkedList<Disciplina> disciplineFiltrateCadruDidactic=s.filtrareDisciplineDupaCadruDidactic("popescu");
        1:  133-block  0
call    0 returned 1
branch  1 taken 1 (fallthrough)
branch  2 taken 0 (throw)
        1:  133-block  1
call    3 returned 1
branch  4 taken 1 (fallthrough)
branch  5 taken 0 (throw)
        1:  133-block  2
call    6 returned 1
    $$$$$:  133-block  3
call    7 never executed
    $$$$$:  133-block  4
    $$$$$:  133-block  5
       1*:  134:    assert(disciplineFiltrateCadruDidactic.getSize()==100);
        1:  134-block  0
call    0 returned 1
branch  1 taken 0 (fallthrough)
branch  2 taken 1
    %%%%%:  134-block  1
call    3 never executed
        1:  134-block  2
      101:  135:    for (auto it=disciplineFiltrateCadruDidactic.begin();it!=disciplineFiltrateCadruDidactic.end();++it) {
        1:  135-block  0
call    0 returned 1
branch  1 taken 1 (fallthrough)
branch  2 taken 0 (throw)
        1:  135-block  1
      101:  135-block  2
call    3 returned 101
branch  4 taken 101 (fallthrough)
branch  5 taken 0 (throw)
      101:  135-block  3
call    6 returned 101
branch  7 taken 100
branch  8 taken 1 (fallthrough)
    $$$$$:  135-block  4
     100*:  136:        assert(it->getCadruDidactic()=="popescu");
      100:  136-block  0
call    0 returned 100
call    1 returned 100
branch  2 taken 100 (fallthrough)
branch  3 taken 0 (throw)
      100:  136-block  1
call    4 returned 100
branch  5 taken 100 (fallthrough)
branch  6 taken 0 (throw)
      100:  136-block  2
branch  7 taken 0 (fallthrough)
branch  8 taken 100
    %%%%%:  136-block  3
call    9 never executed
      100:  136-block  4
      100:  136-block  5
branch 10 taken 100 (fallthrough)
branch 11 taken 0
      100:  136-block  6
call   12 returned 100
      100:  136-block  7
call   13 returned 100
    $$$$$:  136-block  8
branch 14 never executed (fallthrough)
branch 15 never executed
    $$$$$:  136-block  9
call   16 never executed
    $$$$$:  136-block 10
        -:  137:    }
        -:  138:    //test sortareDisciplineDupaOre
        1:  139:    const LinkedList<Disciplina> disciplineSortateDupaOre=s.sortareDisciplineDupaOre();
        1:  139-block  0
call    0 returned 1
branch  1 taken 1 (fallthrough)
branch  2 taken 0 (throw)
       1*:  140:    assert(disciplineSortateDupaOre.getSize()==100);
        1:  140-block  0
call    0 returned 1
branch  1 taken 0 (fallthrough)
branch  2 taken 1
    %%%%%:  140-block  1
call    3 never executed
        1:  140-block  2
      101:  141:    for (auto it=disciplineSortateDupaOre.begin();it!=disciplineSortateDupaOre.end();++it) {
        1:  141-block  0
call    0 returned 1
branch  1 taken 1 (fallthrough)
branch  2 taken 0 (throw)
        1:  141-block  1
      100:  141-block  2
call    3 returned 100
      101:  141-block  3
call    4 returned 101
branch  5 taken 101 (fallthrough)
branch  6 taken 0 (throw)
      101:  141-block  4
call    7 returned 101
branch  8 taken 100
branch  9 taken 1 (fallthrough)
    $$$$$:  141-block  5
      100:  142:        auto it2=it;
      100:  143:        ++it2;
      100:  143-block  0
call    0 returned 100
      100:  144:        if (it2!=disciplineSortateDupaOre.end()) {
call    0 returned 100
branch  1 taken 100 (fallthrough)
branch  2 taken 0 (throw)
      100:  144-block  0
call    3 returned 100
branch  4 taken 99 (fallthrough)
branch  5 taken 1
    $$$$$:  144-block  1
      99*:  145:            assert(it->getNrOre()<=it2->getNrOre());
       99:  145-block  0
call    0 returned 99
call    1 returned 99
branch  2 taken 99 (fallthrough)
branch  3 taken 0 (throw)
       99:  145-block  1
call    4 returned 99
call    5 returned 99
branch  6 taken 99 (fallthrough)
branch  7 taken 0 (throw)
       99:  145-block  2
branch  8 taken 0 (fallthrough)
branch  9 taken 99
    %%%%%:  145-block  3
call   10 never executed
       99:  145-block  4
        -:  146:        }
        -:  147:    }
        -:  148:    //test sortareDisciplineDupaDenumire
        1:  149:    const LinkedList<Disciplina> disciplineSortateDupaDenumire=s.sortareDisciplineDupaDenumire();
        1:  149-block  0
call    0 returned 1
branch  1 taken 1 (fallthrough)
branch  2 taken 0 (throw)
       1*:  150:    assert(disciplineSortateDupaDenumire.getSize()==100);
        1:  150-block  0
call    0 returned 1
branch  1 taken 0 (fallthrough)
branch  2 taken 1
    %%%%%:  150-block  1
call    3 never executed
        1:  150-block  2
      101:  151:    for (auto it=disciplineSortateDupaDenumire.begin();it!=disciplineSortateDupaDenumire.end();++it) {
        1:  151-block  0
call    0 returned 1
branch  1 taken 1 (fallthrough)
branch  2 taken 0 (throw)
        1:  151-block  1
      100:  151-block  2
call    3 returned 100
      101:  151-block  3
call    4 returned 101
branch  5 taken 101 (fallthrough)
branch  6 taken 0 (throw)
      101:  151-block  4
call    7 returned 101
branch  8 taken 100
branch  9 taken 1 (fallthrough)
    $$$$$:  151-block  5
      100:  152:        auto it2=it;
      100:  153:        ++it2;
      100:  153-block  0
call    0 returned 100
      100:  154:        if (it2!=disciplineSortateDupaDenumire.end()) {
call    0 returned 100
branch  1 taken 100 (fallthrough)
branch  2 taken 0 (throw)
      100:  154-block  0
call    3 returned 100
branch  4 taken 99 (fallthrough)
branch  5 taken 1
    $$$$$:  154-block  1
      99*:  155:            assert(it->getDenumire()<=it2->getDenumire());
       99:  155-block  0
call    0 returned 99
call    1 returned 99
call    2 returned 99
branch  3 taken 99 (fallthrough)
branch  4 taken 0 (throw)
       99:  155-block  1
call    5 returned 99
call    6 returned 99
branch  7 taken 99 (fallthrough)
branch  8 taken 0 (throw)
       99:  155-block  2
call    9 returned 99
call   10 returned 99
branch 11 taken 0 (fallthrough)
branch 12 taken 99
    %%%%%:  155-block  3
call   13 never executed
       99:  155-block  4
       99:  155-block  5
branch 14 taken 99 (fallthrough)
branch 15 taken 0
       99:  155-block  6
call   16 returned 99
       99:  155-block  7
branch 17 taken 99 (fallthrough)
branch 18 taken 0
       99:  155-block  8
call   19 returned 99
       99:  155-block  9
    $$$$$:  155-block 10
branch 20 never executed (fallthrough)
branch 21 never executed
    $$$$$:  155-block 11
call   22 never executed
    $$$$$:  155-block 12
    $$$$$:  155-block 13
branch 23 never executed (fallthrough)
branch 24 never executed
    $$$$$:  155-block 14
call   25 never executed
    $$$$$:  155-block 15
    $$$$$:  155-block 16
        -:  156:        }
        -:  157:    }
        -:  158:    //test sortareDisciplineDupaTipSiCadruDidactic
       11:  159:    for (int i = 0;i<10;i++) {
        1:  159-block  0
       11:  159-block  1
branch  0 taken 10
branch  1 taken 1 (fallthrough)
       20:  160:        s.addDisciplinaService("mate"+std::to_string(i),i,"laborator"+std::to_string(i),"popescu");
       10:  160-block  0
call    0 returned 10
branch  1 taken 10 (fallthrough)
branch  2 taken 0 (throw)
       10:  160-block  1
call    3 returned 10
call    4 returned 10
branch  5 taken 10 (fallthrough)
branch  6 taken 0 (throw)
       10:  160-block  2
call    7 returned 10
call    8 returned 10
branch  9 taken 10 (fallthrough)
branch 10 taken 0 (throw)
       10:  160-block  3
call   11 returned 10
branch 12 taken 10 (fallthrough)
branch 13 taken 0 (throw)
       10:  160-block  4
call   14 returned 10
call   15 returned 10
call   16 returned 10
call   17 returned 10
call   18 returned 10
       10:  160-block  5
    $$$$$:  160-block  6
call   19 never executed
    $$$$$:  160-block  7
call   20 never executed
    $$$$$:  160-block  8
    $$$$$:  160-block  9
    $$$$$:  160-block 10
call   21 never executed
    $$$$$:  160-block 11
call   22 never executed
    $$$$$:  160-block 12
    $$$$$:  160-block 13
    $$$$$:  160-block 14
call   23 never executed
    $$$$$:  160-block 15
    $$$$$:  160-block 16
        -:  161:    }
        1:  162:    const LinkedList<Disciplina> disciplineSortateDupaTipSiCadruDidactic=s.sortareDisciplineDupaTipSiCadruDidactic();
        1:  162-block  0
call    0 returned 1
branch  1 taken 1 (fallthrough)
branch  2 taken 0 (throw)
       1*:  163:    assert(disciplineSortateDupaTipSiCadruDidactic.getSize()==110);
        1:  163-block  0
call    0 returned 1
branch  1 taken 0 (fallthrough)
branch  2 taken 1
    %%%%%:  163-block  1
call    3 never executed
        1:  163-block  2
      111:  164:    for (auto it=disciplineSortateDupaTipSiCadruDidactic.begin();it!=disciplineSortateDupaTipSiCadruDidactic.end();++it) {
        1:  164-block  0
call    0 returned 1
branch  1 taken 1 (fallthrough)
branch  2 taken 0 (throw)
        1:  164-block  1
      110:  164-block  2
call    3 returned 110
      111:  164-block  3
call    4 returned 111
branch  5 taken 111 (fallthrough)
branch  6 taken 0 (throw)
      111:  164-block  4
call    7 returned 111
branch  8 taken 110
branch  9 taken 1 (fallthrough)
    $$$$$:  164-block  5
      110:  165:        auto it2=it;
      110:  166:        ++it2;
      110:  166-block  0
call    0 returned 110
      110:  167:        if (it2!=disciplineSortateDupaTipSiCadruDidactic.end()) {
call    0 returned 110
branch  1 taken 110 (fallthrough)
branch  2 taken 0 (throw)
      110:  167-block  0
call    3 returned 110
branch  4 taken 109 (fallthrough)
branch  5 taken 1
    $$$$$:  167-block  1
      109:  168:            if (it->getTip()==it2->getTip()) {
      109:  168-block  0
call    0 returned 109
call    1 returned 109
branch  2 taken 109 (fallthrough)
branch  3 taken 0 (throw)
      109:  168-block  1
call    4 returned 109
call    5 returned 109
branch  6 taken 109 (fallthrough)
branch  7 taken 0 (throw)
      109:  168-block  2
call    8 returned 109
call    9 returned 109
call   10 returned 109
branch 11 taken 99 (fallthrough)
branch 12 taken 10
    $$$$$:  168-block  3
    $$$$$:  168-block  4
call   13 never executed
    $$$$$:  168-block  5
      99*:  169:                assert(it->getCadruDidactic()<=it2->getCadruDidactic());
       99:  169-block  0
call    0 returned 99
call    1 returned 99
call    2 returned 99
branch  3 taken 99 (fallthrough)
branch  4 taken 0 (throw)
       99:  169-block  1
call    5 returned 99
call    6 returned 99
branch  7 taken 99 (fallthrough)
branch  8 taken 0 (throw)
       99:  169-block  2
call    9 returned 99
call   10 returned 99
branch 11 taken 0 (fallthrough)
branch 12 taken 99
    %%%%%:  169-block  3
call   13 never executed
       99:  169-block  4
       99:  169-block  5
branch 14 taken 99 (fallthrough)
branch 15 taken 0
       99:  169-block  6
call   16 returned 99
       99:  169-block  7
branch 17 taken 99 (fallthrough)
branch 18 taken 0
       99:  169-block  8
call   19 returned 99
       99:  169-block  9
    $$$$$:  169-block 10
branch 20 never executed (fallthrough)
branch 21 never executed
    $$$$$:  169-block 11
call   22 never executed
    $$$$$:  169-block 12
    $$$$$:  169-block 13
branch 23 never executed (fallthrough)
branch 24 never executed
    $$$$$:  169-block 14
call   25 never executed
    $$$$$:  169-block 15
    $$$$$:  169-block 16
        -:  170:            }
        -:  171:        }
        -:  172:    }
        -:  173:
        -:  174:
        1:  175:}
        1:  175-block  0
call    0 returned 1
call    1 returned 1
call    2 returned 1
call    3 returned 1
call    4 returned 1
call    5 returned 1
call    6 returned 1
call    7 returned 1
    $$$$$:  175-block  1
call    8 never executed
    $$$$$:  175-block  2
call    9 never executed
    $$$$$:  175-block  3
call   10 never executed
    $$$$$:  175-block  4
call   11 never executed
    $$$$$:  175-block  5
call   12 never executed
    $$$$$:  175-block  6
call   13 never executed
    $$$$$:  175-block  7
call   14 never executed
    $$$$$:  175-block  8
call   15 never executed
