        -:    0:Source:C:/Users/Lenovo/Documents/GitHub/UBB/Facultate/Anul 1/Sem 2/OOP/Lab 6/undo.h
        -:    0:Graph:C:\Users\Lenovo\Documents\GitHub\UBB\Facultate\Anul 1\Sem 2\OOP\Lab 6\cmake-build-debug-coverage\CMakeFiles\Lab_6.dir\service.cpp.gcno
        -:    0:Data:C:\Users\Lenovo\Documents\GitHub\UBB\Facultate\Anul 1\Sem 2\OOP\Lab 6\cmake-build-debug-coverage\CMakeFiles\Lab_6.dir\service.cpp.gcda
        -:    0:Runs:1
        -:    1:#pragma once
        -:    2:#include "disciplina.h"
        -:    3:#include "Repo.h"
        -:    4:
        -:    5:class ActiuneUndo {
        -:    6:public:
        -:    7:    virtual void doUndo()=0;
function _ZN11ActiuneUndoD2Ev called 416 returned 100% blocks executed 100%
      416:    8:    virtual ~ActiuneUndo()=default;
        -:    9:
        -:   10:};
        -:   11:
        -:   12:class UndoAdauga final:public ActiuneUndo {
        -:   13:private:
        -:   14:    Disciplina disciplinaAdaugata;
        -:   15:    Repo& repoDiscipline;
        -:   16:public:
function _ZN10UndoAdaugaC1ER4RepoRK10Disciplina called 412 returned 100% blocks executed 80%
      412:   17:    UndoAdauga(Repo& r,const Disciplina& d):disciplinaAdaugata(d),repoDiscipline(r){}
      412:   17-block  0
call    0 returned 412
call    1 returned 412
branch  2 taken 412 (fallthrough)
branch  3 taken 0 (throw)
      412:   17-block  1
    $$$$$:   17-block  2
call    4 never executed
function _ZN10UndoAdauga6doUndoEv called 100 returned 100% blocks executed 58%
      100:   18:    void doUndo() override {
      100:   19:        repoDiscipline.stergeDisciplina(disciplinaAdaugata.getDenumire(),disciplinaAdaugata.getTip());
      100:   19-block  0
call    0 returned 100
branch  1 taken 100 (fallthrough)
branch  2 taken 0 (throw)
      100:   19-block  1
call    3 returned 100
branch  4 taken 100 (fallthrough)
branch  5 taken 0 (throw)
      100:   19-block  2
call    6 returned 100
branch  7 taken 100 (fallthrough)
branch  8 taken 0 (throw)
      100:   19-block  3
call    9 returned 100
call   10 returned 100
    $$$$$:   19-block  4
call   11 never executed
    $$$$$:   19-block  5
    $$$$$:   19-block  6
call   12 never executed
      100:   20:    }
        -:   21:};
        -:   22:
        -:   23:class UndoSterge final :public ActiuneUndo {
        -:   24:    private:
        -:   25:    Repo& repoDiscipline;
        -:   26:    Disciplina disciplinaStearsa;
        -:   27:    public:
function _ZN10UndoStergeC1ER4RepoRK10Disciplina called 2 returned 100% blocks executed 80%
        2:   28:    UndoSterge(Repo& r, const Disciplina& d):repoDiscipline(r),disciplinaStearsa(d){}
        2:   28-block  0
call    0 returned 2
call    1 returned 2
branch  2 taken 2 (fallthrough)
branch  3 taken 0 (throw)
        2:   28-block  1
    $$$$$:   28-block  2
call    4 never executed
function _ZN10UndoSterge6doUndoEv called 1 returned 100% blocks executed 100%
        1:   29:    void doUndo() override {
        1:   30:        repoDiscipline.addDisciplina(disciplinaStearsa);
        1:   30-block  0
call    0 returned 1
        1:   31:    }
        -:   32:};
        -:   33:
        -:   34:class UndoModifica final :public ActiuneUndo {
        -:   35:private:
        -:   36:    Disciplina dVeche,dNoua;
        -:   37:    Repo& repoDiscipline;
        -:   38:public:
function _ZN12UndoModificaC1ER4RepoRK10DisciplinaS4_ called 2 returned 100% blocks executed 62%
        2:   39:    UndoModifica(Repo& r, const Disciplina& dN, const Disciplina& dV):dVeche(dV),dNoua(dN),repoDiscipline(r){}
        2:   39-block  0
call    0 returned 2
call    1 returned 2
branch  2 taken 2 (fallthrough)
branch  3 taken 0 (throw)
        2:   39-block  1
call    4 returned 2
branch  5 taken 2 (fallthrough)
branch  6 taken 0 (throw)
        2:   39-block  2
    $$$$$:   39-block  3
call    7 never executed
    $$$$$:   39-block  4
call    8 never executed
function _ZN12UndoModifica6doUndoEv called 1 returned 100% blocks executed 100%
        1:   40:    void doUndo() override {
        1:   41:        repoDiscipline.modificaDisciplina(dVeche,dNoua);
        1:   41-block  0
call    0 returned 1
        1:   42:    }
        -:   43:};
