        -:    0:Source:C:/Users/Lenovo/Documents/GitHub/UBB/Facultate/Anul 1/Sem 2/OOP/Lab 6/service.h
        -:    0:Graph:C:\Users\Lenovo\Documents\GitHub\UBB\Facultate\Anul 1\Sem 2\OOP\Lab 6\cmake-build-debug-coverage\CMakeFiles\Lab_6.dir\service.cpp.gcno
        -:    0:Data:C:\Users\Lenovo\Documents\GitHub\UBB\Facultate\Anul 1\Sem 2\OOP\Lab 6\cmake-build-debug-coverage\CMakeFiles\Lab_6.dir\service.cpp.gcda
        -:    0:Runs:1
        -:    1:#pragma once
        -:    2:#include <map>
        -:    3:#include <memory>
        -:    4:#include "Contract.h"
        -:    5:#include "Repo.h"
        -:    6:#include "undo.h"
        -:    7:#include "validator.h"
        -:    8:class ServiceException final: public std::exception {
        -:    9:    string msg;
        -:   10:public:
function _ZN16ServiceExceptionC1ENSt7__cxx1112basic_stringIcSt11char_traitsIcESaIcEEE called 3 returned 100% blocks executed 100%
        3:   11:    explicit ServiceException(string m):msg{std::move(m)}{
        3:   11-block  0
call    0 returned 3
call    1 returned 3
call    2 returned 3
        3:   12:    }
        -:   13:    [[nodiscard]] string getMsg() const {
        -:   14:        return msg;
        -:   15:    }
        -:   16:};
        -:   17:class Service {
        -:   18:    Repo& repo;
        -:   19:    Validator& validator;
        -:   20:    Contract contract;
        -:   21:    std::vector<std::unique_ptr<ActiuneUndo>> undoActions;
        -:   22:
        -:   23:public:
function _ZN7ServiceC1ER4RepoR9Validator called 0 returned 0% blocks executed 0%
    #####:   24:    explicit Service(Repo& repo,Validator& validator): repo(repo), validator(validator) {
    %%%%%:   24-block  0
call    0 never executed
call    1 never executed
    #####:   25:    }
        -:   26:
        -:   27:    void addDisciplinaService(const string& denumire, int nrOre, const string& tip, const string& cadruDidactic);
function _ZNK7Service6getAllEv called 117 returned 100% blocks executed 100%
      117:   28:    [[nodiscard]] vector<Disciplina>& getAll() const {
      117:   29:        return repo.getAll();
      117:   29-block  0
call    0 returned 117
        -:   30:    }
        -:   31:    void modificaDisciplinaService(const string& denumire,const string& tip,const string& denumireNoua,const string& tipNou,int nrOreNou,const string& cadruDidacticNou) ;
        -:   32:    void stergeDisciplinaService(const string& denumire,const string& tip) ;
        -:   33:
        -:   34:    [[nodiscard]]vector<Disciplina> filtrareDisciplineDupaOre(int nrOre) const;
        -:   35:
        -:   36:    [[nodiscard]]vector<Disciplina> filtrareDisciplineDupaCadruDidactic(const string &cadruDidactic) const;
        -:   37:
        -:   38:    [[nodiscard]]vector<Disciplina> sortareDisciplineDupaOre() const;
        -:   39:
        -:   40:    [[nodiscard]]vector<Disciplina> sortareDisciplineDupaDenumire() const;
        -:   41:
        -:   42:    [[nodiscard]]vector<Disciplina> sortareDisciplineDupaTipSiCadruDidactic() const;
        -:   43:
        -:   44:    [[nodiscard]] Disciplina cautaDisciplinaService(const string& denumire,const string& tip) const;
        -:   45:    void adaugaDisciplinaContractService(const string& denumire);
        -:   46:    void golesteContractService();
        -:   47:    void genereazaContractService(int nrDiscipline);
function _ZN7Service11getContractEv called 1 returned 100% blocks executed 100%
        1:   48:    [[nodiscard]] Contract& getContract() {
        1:   49:        return contract;
        1:   49-block  0
        -:   50:    }
        -:   51:
        -:   52:    [[nodiscard]] std::map<string,int> statistici() const;
function _ZNK7Service15getContractSizeEv called 3 returned 100% blocks executed 100%
        3:   53:    [[nodiscard]] int getContractSize() const {
        3:   54:        return contract.getSize();
        3:   54-block  0
call    0 returned 3
        -:   55:    }
        -:   56:    void undo();
        -:   57:};
        -:   58:void testService();
