        -:    0:Source:C:/Users/Lenovo/Documents/GitHub/UBB/Facultate/Anul 1/Sem 2/OOP/Lab 6/LinkedList.h
        -:    0:Graph:C:\Users\Lenovo\Documents\GitHub\UBB\Facultate\Anul 1\Sem 2\OOP\Lab 6\cmake-build-debug-coverage\CMakeFiles\Lab_6.dir\service.cpp.gcno
        -:    0:Data:C:\Users\Lenovo\Documents\GitHub\UBB\Facultate\Anul 1\Sem 2\OOP\Lab 6\cmake-build-debug-coverage\CMakeFiles\Lab_6.dir\service.cpp.gcda
        -:    0:Runs:1
        -:    1:#pragma once
        -:    2:#pragma once
        -:    3:#include <functional>
        -:    4:template<typename T> class Iterator;
        -:    5:
        -:    6:template <typename T>
        -:    7:class LinkedList {
        -:    8:    friend class Iterator<T>;
        -:    9:private:
        -:   10:    struct Node {
        -:   11:        T data;
        -:   12:        Node* next;
function _ZN10LinkedListI10DisciplinaE4NodeC1ERKS0_ called 0 returned 0% blocks executed 0%
    #####:   13:        explicit Node(const T& val): data(val), next(nullptr) {}
    %%%%%:   13-block  0
call    0 never executed
        -:   14:    };
        -:   15:    Node *head;
        -:   16:    Node *tail;
        -:   17:    int size;
        -:   18:public:
        -:   19:    using iterator = Iterator<T>;
function _ZN10LinkedListI10DisciplinaEC1Ev called 0 returned 0% blocks executed 0%
    #####:   20:    LinkedList():head(nullptr),tail(nullptr), size(0) {}
function _ZN10LinkedListI10DisciplinaED1Ev called 0 returned 0% blocks executed 0%
    #####:   21:    ~LinkedList() {
    #####:   22:        while (head) {
    %%%%%:   22-block  0
    %%%%%:   22-block  1
branch  0 never executed
branch  1 never executed (fallthrough)
    #####:   23:            pop_front();
    %%%%%:   23-block  0
call    0 never executed
        -:   24:        }
    #####:   25:    }
function _ZN10LinkedListI10DisciplinaEC1ERKS1_ called 0 returned 0% blocks executed 0%
    #####:   26:    LinkedList(const LinkedList & other) : head(nullptr), tail(nullptr), size(0) {
    #####:   27:        Node* current = other.head;
    #####:   28:        while (current) {
    %%%%%:   28-block  0
    %%%%%:   28-block  1
branch  0 never executed
branch  1 never executed (fallthrough)
    #####:   29:            this->push_back(current->data);
    %%%%%:   29-block  0
call    0 never executed
    #####:   30:            current = current->next;
        -:   31:        }
    #####:   32:    }
        -:   33:    LinkedList& operator=(const LinkedList & other) {
        -:   34:        if (this != &other) {
        -:   35:            while (head) {
        -:   36:                pop_front();
        -:   37:            }
        -:   38:            Node* current = other.head;
        -:   39:            while (current) {
        -:   40:                this->push_back(current->data);
        -:   41:                current = current->next;
        -:   42:            }
        -:   43:        }
        -:   44:        return *this;
        -:   45:    }
        -:   46:    void push_back(const T&);
        -:   47:    void push_front(const T&);
        -:   48:    void pop_back();
        -:   49:    void pop_front();
        -:   50:    void erase(iterator pos);
        -:   51:    void insert(const int pos, const T& val) {
        -:   52:        if (pos == 0) {
        -:   53:            push_front(val);
        -:   54:        } else if (pos == size) {
        -:   55:            push_back(val);
        -:   56:        } else {
        -:   57:            Node* newNode = new Node(val);
        -:   58:            Node* current = head;
        -:   59:            for (int i = 0; i < pos - 1; ++i) {
        -:   60:                current = current->next;
        -:   61:            }
        -:   62:            newNode->next = current->next;
        -:   63:            current->next = newNode;
        -:   64:            ++size;
        -:   65:        }
        -:   66:    }
function _ZNK10LinkedListI10DisciplinaE7getSizeEv called 0 returned 0% blocks executed 0%
    #####:   67:    [[nodiscard]] int getSize() const {
    #####:   68:        return size;
    %%%%%:   68-block  0
        -:   69:    }
        -:   70:    [[nodiscard]] bool isEmpty() const{
        -:   71:        return size == 0;
        -:   72:    }
function _ZNK10LinkedListI10DisciplinaE5beginEv called 0 returned 0% blocks executed 0%
    #####:   73:    iterator begin() const {
    #####:   74:        return iterator(head);
    %%%%%:   74-block  0
call    0 never executed
    %%%%%:   74-block  1
        -:   75:    }
function _ZN10LinkedListI10DisciplinaE3endEv called 0 returned 0% blocks executed 0%
    #####:   76:    static iterator end() {
    #####:   77:        return iterator(nullptr);
    %%%%%:   77-block  0
call    0 never executed
    %%%%%:   77-block  1
        -:   78:    }
        -:   79:    [[nodiscard]] T get(const int pos)const {
        -:   80:        int i = 0;
        -:   81:        for (iterator it = begin(); it != end(); ++it) {
        -:   82:            if (i == pos) {
        -:   83:                return *it;
        -:   84:            }
        -:   85:            ++i;
        -:   86:        }
        -:   87:        return T{};
        -:   88:    }
        -:   89:    Node* mergeSort(Node* head, const std::function<bool(const T&, const T&)>& comparator);
        -:   90:    Node* merge(Node*,Node*,const std::function<bool(const T&, const T&)>& comparator);
        -:   91:    Node* getMiddle(Node*);
        -:   92:    void sort(const std::function<bool(const T&, const T&)>& comparator);
        -:   93:};
        -:   94:
        -:   95:template <typename T> class Iterator {
        -:   96:    friend class LinkedList<T>;
        -:   97:private:
        -:   98:    typename LinkedList<T>::Node* current;
        -:   99:public:
function _ZN8IteratorI10DisciplinaEC1EPN10LinkedListIS0_E4NodeE called 0 returned 0% blocks executed 0%
    #####:  100:    explicit Iterator(typename LinkedList<T>::Node* node): current(node) {}
function _ZNK8IteratorI10DisciplinaEdeEv called 0 returned 0% blocks executed 0%
    #####:  101:    T& operator*()const {
    #####:  102:        return current->data;
    %%%%%:  102-block  0
        -:  103:    }
function _ZNK8IteratorI10DisciplinaEptEv called 962 returned 100% blocks executed 100%
      962:  104:    T* operator->()const {
      962:  105:        return &current->data;
      962:  105-block  0
        -:  106:    }
function _ZN8IteratorI10DisciplinaEppEv called 0 returned 0% blocks executed 0%
    #####:  107:    Iterator operator++() {
    #####:  108:        if (current) {
    %%%%%:  108-block  0
branch  0 never executed (fallthrough)
branch  1 never executed
    #####:  109:            current = current->next;
    %%%%%:  109-block  0
        -:  110:        }
    #####:  111:        return *this;
    %%%%%:  111-block  0
        -:  112:    }
        -:  113:    Iterator operator++(int) {
        -:  114:        Iterator temp = *this;
        -:  115:        ++(*this);
        -:  116:        return temp;
        -:  117:    }
        -:  118:    bool operator==(const Iterator& other) const {
        -:  119:        return current == other.current;
        -:  120:    }
function _ZNK8IteratorI10DisciplinaEneERKS1_ called 0 returned 0% blocks executed 0%
    #####:  121:    bool operator!=(const Iterator& other) const {
    #####:  122:        return current != other.current;
    %%%%%:  122-block  0
        -:  123:    }
        -:  124:};
        -:  125:
        -:  126:template<typename T>
function _ZN10LinkedListI10DisciplinaE9push_backERKS0_ called 0 returned 0% blocks executed 0%
    #####:  127:void LinkedList<T>::push_back(const T& val) {
    #####:  128:    Node* newNode= new Node(val);
    %%%%%:  128-block  0
call    0 never executed
call    1 never executed
branch  2 never executed (fallthrough)
branch  3 never executed (throw)
    $$$$$:  128-block  1
branch  4 never executed (fallthrough)
branch  5 never executed
    $$$$$:  128-block  2
call    6 never executed
    #####:  129:    if (!head) {
    %%%%%:  129-block  0
branch  0 never executed (fallthrough)
branch  1 never executed
    #####:  130:        head=tail=newNode;
    %%%%%:  130-block  0
        -:  131:    }
        -:  132:    else {
    #####:  133:        tail->next=newNode;
    #####:  134:        tail=newNode;
    %%%%%:  134-block  0
        -:  135:    }
    #####:  136:    ++size;
    #####:  137:}
    %%%%%:  137-block  0
        -:  138:
        -:  139:template<typename T>
        -:  140:void LinkedList<T>::push_front(const T& val) {
        -:  141:    Node* newNode= new Node(val);
        -:  142:    if (!head) {
        -:  143:        head=tail=newNode;
        -:  144:    }
        -:  145:    else {
        -:  146:        newNode->next=head;
        -:  147:        head=newNode;
        -:  148:    }
        -:  149:    ++size;
        -:  150:}
        -:  151:
        -:  152:template<typename T>
        -:  153:void LinkedList<T>::pop_back() {
        -:  154:    if (!head) {
        -:  155:        return;
        -:  156:    }
        -:  157:    if (head == tail) {
        -:  158:        delete head;
        -:  159:        head = tail = nullptr;
        -:  160:    } else {
        -:  161:        Node* current = head;
        -:  162:        while (current->next != tail) {
        -:  163:            current = current->next;
        -:  164:        }
        -:  165:        delete tail;
        -:  166:        tail = current;
        -:  167:        tail->next = nullptr;
        -:  168:    }
        -:  169:    --size;
        -:  170:}
        -:  171:
        -:  172:template<typename T>
function _ZN10LinkedListI10DisciplinaE9pop_frontEv called 0 returned 0% blocks executed 0%
    #####:  173:void LinkedList<T>::pop_front() {
    #####:  174:    if (head) {
    %%%%%:  174-block  0
branch  0 never executed (fallthrough)
branch  1 never executed
    #####:  175:        Node* temp = head;
    #####:  176:        head = head->next;
    #####:  177:        delete temp;
    %%%%%:  177-block  0
branch  0 never executed (fallthrough)
branch  1 never executed
    %%%%%:  177-block  1
call    2 never executed
call    3 never executed
    #####:  178:        --size;
    %%%%%:  178-block  0
        -:  179:    }
    #####:  180:    if (!head) {
    %%%%%:  180-block  0
branch  0 never executed (fallthrough)
branch  1 never executed
    #####:  181:        tail = nullptr;
    %%%%%:  181-block  0
        -:  182:    }
    #####:  183:}
        -:  184:
        -:  185:template<typename T>
        -:  186:void LinkedList<T>::erase(iterator pos) {
        -:  187:    if (!head || !pos.current) {
        -:  188:        return;
        -:  189:    }
        -:  190:    if (pos.current==head) {
        -:  191:        pop_front();
        -:  192:        return;
        -:  193:    }
        -:  194:    Node* prev=head;
        -:  195:    while (prev && prev->next!=pos.current) {
        -:  196:        prev=prev->next;
        -:  197:    }
        -:  198:    if (prev && prev->next==pos.current) {
        -:  199:        Node* todel=pos.current;
        -:  200:        prev->next=todel->next;
        -:  201:        if (todel==tail) {
        -:  202:            tail=prev;
        -:  203:        }
        -:  204:        delete todel;
        -:  205:        --size;
        -:  206:    }
        -:  207:}
        -:  208:
        -:  209:template <typename T>
function _ZN10LinkedListI10DisciplinaE9mergeSortEPNS1_4NodeERKSt8functionIFbRKS0_S6_EE called 617 returned 100% blocks executed 100%
      617:  210:typename LinkedList<T>::Node* LinkedList<T>::mergeSort(Node* head, const std::function<bool(const T&, const T&)>& comparator) {
      617:  211:    if (!head || !head->next) {
      617:  211-block  0
branch  0 taken 617 (fallthrough)
branch  1 taken 0
      617:  211-block  1
branch  2 taken 310 (fallthrough)
branch  3 taken 307
      310:  212:        return head; // Base case: 0 or 1 element
      310:  212-block  0
        -:  213:    }
        -:  214:
        -:  215:    // Split the list into two halves
      307:  216:    Node* middle = getMiddle(head);
      307:  216-block  0
call    0 returned 307
      307:  217:    Node* nextToMiddle = middle->next;
      307:  218:    middle->next = nullptr;
        -:  219:
        -:  220:    // Recursively sort both halves
      307:  221:    Node* left = mergeSort(head, comparator);
call    0 returned 307
      307:  222:    Node* right = mergeSort(nextToMiddle, comparator);
call    0 returned 307
        -:  223:
        -:  224:    // Merge the sorted halves
      307:  225:    return merge(left, right, comparator);
call    0 returned 307
        -:  226:}
        -:  227:
        -:  228:template <typename T>
function _ZN10LinkedListI10DisciplinaE5mergeEPNS1_4NodeES3_RKSt8functionIFbRKS0_S6_EE called 1517 returned 100% blocks executed 100%
     1517:  229:typename LinkedList<T>::Node* LinkedList<T>::merge(Node* left, Node* right, const std::function<bool(const T&, const T&)>& comparator) {
     1517:  230:    if (!left) return right;
     1517:  230-block  0
branch  0 taken 209 (fallthrough)
branch  1 taken 1308
      209:  230-block  1
     1308:  231:    if (!right) return left;
     1308:  231-block  0
branch  0 taken 98 (fallthrough)
branch  1 taken 1210
       98:  231-block  1
        -:  232:
     1210:  233:    Node* result = nullptr;
        -:  234:
        -:  235:    // Compare and merge
     1210:  236:    if (comparator(left->data, right->data)) {
     1210:  236-block  0
call    0 returned 1210
branch  1 taken 820 (fallthrough)
branch  2 taken 390
      820:  237:        result = left;
      820:  238:        result->next = merge(left->next, right, comparator);
      820:  238-block  0
call    0 returned 820
        -:  239:    } else {
      390:  240:        result = right;
      390:  241:        result->next = merge(left, right->next, comparator);
      390:  241-block  0
call    0 returned 390
        -:  242:    }
     1210:  243:    return result;
     1210:  243-block  0
        -:  244:}
        -:  245:
        -:  246:template <typename T>
function _ZN10LinkedListI10DisciplinaE9getMiddleEPNS1_4NodeE called 307 returned 100% blocks executed 88%
      307:  247:typename LinkedList<T>::Node* LinkedList<T>::getMiddle(Node* head) {
     307*:  248:    if (!head) return head;
      307:  248-block  0
branch  0 taken 0 (fallthrough)
branch  1 taken 307
    %%%%%:  248-block  1
        -:  249:
      307:  250:    Node* slow = head;
      307:  251:    Node* fast = head->next;
     1107:  252:    while (fast && fast->next) {
      307:  252-block  0
     1107:  252-block  1
branch  0 taken 989 (fallthrough)
branch  1 taken 118
      989:  252-block  2
branch  2 taken 800
branch  3 taken 189 (fallthrough)
      800:  253:        slow = slow->next;
      800:  254:        fast = fast->next->next;
      800:  254-block  0
        -:  255:    }
      307:  256:    return slow;
      307:  256-block  0
        -:  257:}
        -:  258:
        -:  259:template <typename T>
function _ZN10LinkedListI10DisciplinaE4sortERKSt8functionIFbRKS0_S4_EE called 3 returned 100% blocks executed 100%
        3:  260:void LinkedList<T>::sort(const std::function<bool(const T&, const T&)>& comparator) {
        3:  261:    head = mergeSort(head, comparator);
        3:  261-block  0
call    0 returned 3
        3:  262:    tail = head;
      310:  263:    while (tail && tail->next) {
      310:  263-block  0
branch  0 taken 310 (fallthrough)
branch  1 taken 0
      310:  263-block  1
branch  2 taken 307
branch  3 taken 3 (fallthrough)
      307:  264:        tail = tail->next;
      307:  264-block  0
        -:  265:    }
        3:  266:}
        -:  267:
