        -:    0:Source:C:/Users/Lenovo/Documents/GitHub/UBB/Facultate/Anul 1/Sem 2/OOP/Lab 6/Contract.h
        -:    0:Graph:C:\Users\Lenovo\Documents\GitHub\UBB\Facultate\Anul 1\Sem 2\OOP\Lab 6\cmake-build-debug-coverage\CMakeFiles\Lab_6.dir\service.cpp.gcno
        -:    0:Data:C:\Users\Lenovo\Documents\GitHub\UBB\Facultate\Anul 1\Sem 2\OOP\Lab 6\cmake-build-debug-coverage\CMakeFiles\Lab_6.dir\service.cpp.gcda
        -:    0:Runs:1
        -:    1:#pragma once
        -:    2:#include <vector>
        -:    3:
        -:    4:#include "disciplina.h"
        -:    5:using std::vector;
        -:    6:class Contract {
        -:    7:private:
        -:    8:    vector<Disciplina>listaDiscipline;
        -:    9:public:
        -:   10:    void golesteContract();
        -:   11:    void adaugaDisciplinaContract(const Disciplina& disciplina);
function _ZN8Contract6getAllEv called 1 returned 100% blocks executed 100%
        1:   12:    [[nodiscard]] vector<Disciplina>& getAll() {
        1:   13:        return listaDiscipline;
        1:   13-block  0
        -:   14:    }
function _ZNK8Contract7getSizeEv called 3 returned 100% blocks executed 100%
        3:   15:    [[nodiscard]] int getSize() const {
        3:   16:        return listaDiscipline.size();
        3:   16-block  0
call    0 returned 3
        -:   17:    }
        -:   18:    void genereazaContract(int nrDiscipline,vector<Disciplina> discipline);
        -:   19:};
