        -:    0:Source:/mnt/c/Users/Deny/Documents/GitHub/UBB/Facultate/Anul 1/Sem 2/OOP/Lab 6/validator.h
        -:    0:Graph:/mnt/c/Users/Deny/Documents/GitHub/UBB/Facultate/Anul 1/Sem 2/OOP/Lab 6/cmake-build-debug-coverage/CMakeFiles/Lab_6.dir/ui.cpp.gcno
        -:    0:Data:/mnt/c/Users/Deny/Documents/GitHub/UBB/Facultate/Anul 1/Sem 2/OOP/Lab 6/cmake-build-debug-coverage/CMakeFiles/Lab_6.dir/ui.cpp.gcda
        -:    0:Runs:1
        -:    1:#pragma once
        -:    2:#include <string>
        -:    3:using std::string;
        -:    4:class Validator {
        -:    5:public:
        -:    6:    static void validateDisciplina(const string& denumire, int nrOre, const string& tip, const string& cadruDidactic);
        -:    7:};
        -:    8:class ValidationError:public std::exception {
        -:    9:private:
        -:   10:    string msg;
        -:   11:public:
function _ZNK15ValidationError8getErrorB5cxx11Ev called 0 returned 0% blocks executed 0%
    #####:   12:    [[nodiscard]] string getError() const {
    #####:   13:        return msg;
    %%%%%:   13-block  0
call    0 never executed
        -:   14:    }
        -:   15:    explicit ValidationError(string m):msg{std::move(m)}{
        -:   16:    }
        -:   17:};
        -:   18:
