        -:    0:Source:C:/Users/Lenovo/Documents/GitHub/UBB/Facultate/Anul 1/Sem 2/OOP/Lab 6/service.h
        -:    0:Graph:C:\Users\Lenovo\Documents\GitHub\UBB\Facultate\Anul 1\Sem 2\OOP\Lab 6\cmake-build-debug-coverage\CMakeFiles\Lab_6.dir\ui.cpp.gcno
        -:    0:Data:C:\Users\Lenovo\Documents\GitHub\UBB\Facultate\Anul 1\Sem 2\OOP\Lab 6\cmake-build-debug-coverage\CMakeFiles\Lab_6.dir\ui.cpp.gcda
        -:    0:Runs:1
        -:    1:#pragma once
        -:    2:#include <map>
        -:    3:#include <memory>
        -:    4:#include "Contract.h"
        -:    5:#include "Repo.h"
        -:    6:#include "undo.h"
        -:    7:#include "validator.h"
        -:    8:class ServiceException final: public std::exception {
        -:    9:    string msg;
        -:   10:public:
        -:   11:    explicit ServiceException(string m):msg{std::move(m)}{
        -:   12:    }
function _ZNK16ServiceException6getMsgB5cxx11Ev called 0 returned 0% blocks executed 0%
    #####:   13:    [[nodiscard]] string getMsg() const {
    #####:   14:        return msg;
    %%%%%:   14-block  0
call    0 never executed
        -:   15:    }
        -:   16:};
        -:   17:class Service {
        -:   18:    Repo& repo;
        -:   19:    Validator& validator;
        -:   20:    Contract contract;
        -:   21:    std::vector<std::unique_ptr<ActiuneUndo>> undoActions;
        -:   22:
        -:   23:public:
        -:   24:    explicit Service(Repo& repo,Validator& validator): repo(repo), validator(validator) {
        -:   25:    }
        -:   26:
        -:   27:    void addDisciplinaService(const string& denumire, int nrOre, const string& tip, const string& cadruDidactic);
function _ZNK7Service6getAllEv called 0 returned 0% blocks executed 0%
    #####:   28:    [[nodiscard]] vector<Disciplina>& getAll() const {
    #####:   29:        return repo.getAll();
    %%%%%:   29-block  0
call    0 never executed
        -:   30:    }
        -:   31:    void modificaDisciplinaService(const string& denumire,const string& tip,const string& denumireNoua,const string& tipNou,int nrOreNou,const string& cadruDidacticNou) ;
        -:   32:    void stergeDisciplinaService(const string& denumire,const string& tip) ;
        -:   33:
        -:   34:    [[nodiscard]]vector<Disciplina> filtrareDisciplineDupaOre(int nrOre) const;
        -:   35:
        -:   36:    [[nodiscard]]vector<Disciplina> filtrareDisciplineDupaCadruDidactic(const string &cadruDidactic) const;
        -:   37:
        -:   38:    [[nodiscard]]vector<Disciplina> sortareDisciplineDupaOre() const;
        -:   39:
        -:   40:    [[nodiscard]]vector<Disciplina> sortareDisciplineDupaDenumire() const;
        -:   41:
        -:   42:    [[nodiscard]]vector<Disciplina> sortareDisciplineDupaTipSiCadruDidactic() const;
        -:   43:
        -:   44:    [[nodiscard]] Disciplina cautaDisciplinaService(const string& denumire,const string& tip) const;
        -:   45:    void adaugaDisciplinaContractService(const string& denumire);
        -:   46:    void golesteContractService();
        -:   47:    void genereazaContractService(int nrDiscipline);
function _ZN7Service11getContractEv called 0 returned 0% blocks executed 0%
    #####:   48:    [[nodiscard]] Contract& getContract() {
    #####:   49:        return contract;
    %%%%%:   49-block  0
        -:   50:    }
        -:   51:
        -:   52:    [[nodiscard]] std::map<string,int> statistici() const;
        -:   53:    [[nodiscard]] int getContractSize() const {
        -:   54:        return contract.getSize();
        -:   55:    }
        -:   56:    void undo();
        -:   57:};
        -:   58:void testService();
