        -:    0:Source:/mnt/c/Users/Deny/Documents/GitHub/UBB/Facultate/Anul 1/Sem 2/OOP/Lab 6/service.h
        -:    0:Graph:/mnt/c/Users/Deny/Documents/GitHub/UBB/Facultate/Anul 1/Sem 2/OOP/Lab 6/cmake-build-debug-coverage/CMakeFiles/Lab_6.dir/ui.cpp.gcno
        -:    0:Data:/mnt/c/Users/Deny/Documents/GitHub/UBB/Facultate/Anul 1/Sem 2/OOP/Lab 6/cmake-build-debug-coverage/CMakeFiles/Lab_6.dir/ui.cpp.gcda
        -:    0:Runs:1
        -:    1:#pragma once
        -:    2:#include "Repo.h"
        -:    3:#include "validator.h"
        -:    4:
        -:    5:class Service {
        -:    6:    Repo& repo;
        -:    7:    Validator& validator;
        -:    8:public:
        -:    9:    explicit Service(Repo& repo,Validator& validator): repo(repo), validator(validator) {
        -:   10:    }
        -:   11:
        -:   12:    void addDisciplinaService(const string& denumire, int nrOre, const string& tip, const string& cadruDidactic) const;
function _ZNK7Service6getAllEv called 0 returned 0% blocks executed 0%
    #####:   13:    [[nodiscard]] std::vector<Disciplina>& getAll() const {
    #####:   14:        return repo.getAll();
    %%%%%:   14-block  0
call    0 never executed
        -:   15:    }
        -:   16:    void modificaDisciplinaService(const string& denumire,const string& tip,const string& denumireNoua,const string& tipNou,int nrOreNou,const string& cadruDidacticNou) const;
        -:   17:    void stergeDisciplinaService(const string& denumire,const string& tip) const;
        -:   18:    [[nodiscard]] Disciplina& cautaDisciplinaService(const string& denumire,const string& tip) const;
        -:   19:
        -:   20:
        -:   21:
        -:   22:};
        -:   23:void testService();
