        -:    0:Source:/mnt/c/Users/Deny/Documents/GitHub/UBB/Facultate/Anul 1/Sem 2/OOP/Lab 6/validator.cpp
        -:    0:Graph:/mnt/c/Users/Deny/Documents/GitHub/UBB/Facultate/Anul 1/Sem 2/OOP/Lab 6/cmake-build-debug-coverage/CMakeFiles/Lab_6.dir/validator.cpp.gcno
        -:    0:Data:/mnt/c/Users/Deny/Documents/GitHub/UBB/Facultate/Anul 1/Sem 2/OOP/Lab 6/cmake-build-debug-coverage/CMakeFiles/Lab_6.dir/validator.cpp.gcda
        -:    0:Runs:1
        -:    1:
        -:    2:#include "validator.h"
        -:    3:
function _ZN9Validator18validateDisciplinaERKNSt7__cxx1112basic_stringIcSt11char_traitsIcESaIcEEEiS7_S7_ called 11 returned 64% blocks executed 89%
       11:    4:void Validator::validateDisciplina(const string &denumire, const int nrOre, const string &tip, const string &cadruDidactic) {
       11:    5:    std::string errors;
       11:    5-block  0
call    0 returned 11
       11:    6:    if (denumire.empty()){
call    0 returned 11
branch  1 taken 4 (fallthrough)
branch  2 taken 7
        4:    7:        errors+="Denumirea invalida\n";
        4:    7-block  0
call    0 returned 4
branch  1 taken 4 (fallthrough)
branch  2 taken 0 (throw)
        -:    8:    }
       11:    9:    if (nrOre<0){
       11:    9-block  0
branch  0 taken 1 (fallthrough)
branch  1 taken 10
        1:   10:        errors+="Numarul de ore invalid\n";
        1:   10-block  0
call    0 returned 1
branch  1 taken 1 (fallthrough)
branch  2 taken 0 (throw)
        -:   11:    }
       11:   12:    if (tip.empty()) {
       11:   12-block  0
call    0 returned 11
branch  1 taken 4 (fallthrough)
branch  2 taken 7
        4:   13:        errors+="Tip invalid\n";
        4:   13-block  0
call    0 returned 4
branch  1 taken 4 (fallthrough)
branch  2 taken 0 (throw)
        -:   14:    }
       11:   15:    if (cadruDidactic.empty()) {
       11:   15-block  0
call    0 returned 11
branch  1 taken 2 (fallthrough)
branch  2 taken 9
        2:   16:        errors+="Cadru didactic invalid\n";
        2:   16-block  0
call    0 returned 2
branch  1 taken 2 (fallthrough)
branch  2 taken 0 (throw)
        -:   17:    }
       11:   18:    if (!errors.empty()) {
       11:   18-block  0
call    0 returned 11
branch  1 taken 4 (fallthrough)
branch  2 taken 7
        4:   19:        throw ValidationError(errors);
        4:   19-block  0
call    0 returned 4
call    1 returned 4
branch  2 taken 4 (fallthrough)
branch  3 taken 0 (throw)
        4:   19-block  1
call    4 returned 4
call    5 returned 4
call    6 returned 4
    $$$$$:   19-block  2
    $$$$$:   19-block  3
call    7 never executed
        -:   20:    }
        -:   21:
       11:   22:}
        7:   22-block  0
call    0 returned 7
        4:   22-block  1
call    1 returned 4
